
> client@0.0.0 build
> tsc && vite build

src/components/Aside/Content/Rooms/RoomElements.tsx(4,1): error TS6133: 'StyledBackground' is declared but its value is never read.
src/components/Aside/Content/Rooms/RoomElements.tsx(11,3): error TS2345: Argument of type '(props: {    isSmallDevice: boolean;}) => { isSmallDevice: boolean; as: "ul"; }' is not assignable to parameter of type 'Attrs<FastOmit<Omit<FastOmit<DetailedHTMLProps<OlHTMLAttributes<HTMLOListElement>, HTMLOListElement>, never>, "ref"> & { ...; }, never>>'.
  Type '(props: {    isSmallDevice: boolean;}) => { isSmallDevice: boolean; as: "ul"; }' is not assignable to type '(props: ExecutionContext & FastOmit<Omit<FastOmit<DetailedHTMLProps<OlHTMLAttributes<HTMLOListElement>, HTMLOListElement>, never>, "ref"> & { ...; }, never>) => ExecutionProps & Partial<...>'.
    Types of parameters 'props' and 'props' are incompatible.
      Property 'isSmallDevice' is missing in type 'ExecutionContext & FastOmit<Omit<FastOmit<DetailedHTMLProps<OlHTMLAttributes<HTMLOListElement>, HTMLOListElement>, never>, "ref"> & { ...; }, never>' but required in type '{ isSmallDevice: boolean; }'.
src/components/Aside/Content/Rooms/RoomElements.tsx(81,18): error TS6133: 'theme' is declared but its value is never read.
src/components/Aside/Content/Rooms/RoomElements.tsx(105,23): error TS18048: 'themeContext' is possibly 'undefined'.
src/components/Aside/Content/Rooms/RoomElements.tsx(130,12): error TS2769: No overload matches this call.
  Overload 1 of 2, '(props: PolymorphicComponentProps<"web", FastOmit<FastOmit<Substitute<Omit<FastOmit<DetailedHTMLProps<HTMLAttributes<HTMLSpanElement>, HTMLSpanElement>, "color" | ... 3 more ... | "isSent"> & { ...; }, "ref"> & { ...; }, Omit<...> & { ...; }>, never>, never>, void, void, {}, {}>): Element', gave the following error.
    Property 'size' is missing in type '{ children: ReactNode | Element; weight: "bold"; }' but required in type 'FastOmit<Substitute<FastOmit<FastOmit<Substitute<Omit<FastOmit<DetailedHTMLProps<HTMLAttributes<HTMLSpanElement>, HTMLSpanElement>, "color" | "size" | "weight" | "textType" | "isSent"> & { ...; }, "ref"> & { ...; }, Omit<...> & { ...; }>, never>, never>, FastOmit<...>>, keyof ExecutionProps>'.
  Overload 2 of 2, '(props: FastOmit<FastOmit<Substitute<Omit<FastOmit<DetailedHTMLProps<HTMLAttributes<HTMLSpanElement>, HTMLSpanElement>, "color" | "size" | "weight" | "textType" | "isSent"> & { ...; }, "ref"> & { ...; }, Omit<...> & { ...; }>, never>, never>): ReactNode', gave the following error.
    Property 'size' is missing in type '{ children: ReactNode | Element; weight: "bold"; }' but required in type 'FastOmit<FastOmit<Substitute<Omit<FastOmit<DetailedHTMLProps<HTMLAttributes<HTMLSpanElement>, HTMLSpanElement>, "color" | "size" | "weight" | "textType" | "isSent"> & { ...; }, "ref"> & { ...; }, Omit<...> & { ...; }>, never>, never>'.
src/components/Aside/Content/Rooms/index.tsx(84,21): error TS2769: No overload matches this call.
  Overload 1 of 2, '(props: PolymorphicComponentProps<"web", FastOmit<FastOmit<Substitute<Omit<FastOmit<DetailedHTMLProps<OlHTMLAttributes<HTMLOListElement>, HTMLOListElement>, never>, "ref"> & { ...; }, Omit<...> & { ...; }>, never>, never>, void, void, {}, {}>): Element', gave the following error.
    Type '{ children: any; isSmallDevice: any; }' is not assignable to type 'IntrinsicAttributes & FastOmit<Substitute<FastOmit<FastOmit<Substitute<Omit<FastOmit<DetailedHTMLProps<OlHTMLAttributes<HTMLOListElement>, HTMLOListElement>, never>, "ref"> & { ...; }, Omit<...> & { ...; }>, never>, never>, FastOmit<...>>, keyof ExecutionProps> & FastOmit<...> & { ...; }'.
      Property 'isSmallDevice' does not exist on type 'IntrinsicAttributes & FastOmit<Substitute<FastOmit<FastOmit<Substitute<Omit<FastOmit<DetailedHTMLProps<OlHTMLAttributes<HTMLOListElement>, HTMLOListElement>, never>, "ref"> & { ...; }, Omit<...> & { ...; }>, never>, never>, FastOmit<...>>, keyof ExecutionProps> & FastOmit<...> & { ...; }'.
  Overload 2 of 2, '(props: FastOmit<FastOmit<Substitute<Omit<FastOmit<DetailedHTMLProps<OlHTMLAttributes<HTMLOListElement>, HTMLOListElement>, never>, "ref"> & { ...; }, Omit<...> & { ...; }>, never>, never>): ReactNode', gave the following error.
    Type '{ children: any; isSmallDevice: any; }' is not assignable to type 'IntrinsicAttributes & FastOmit<FastOmit<Substitute<Omit<FastOmit<DetailedHTMLProps<OlHTMLAttributes<HTMLOListElement>, HTMLOListElement>, never>, "ref"> & { ...; }, Omit<...> & { ...; }>, never>, never>'.
      Property 'isSmallDevice' does not exist on type 'IntrinsicAttributes & FastOmit<FastOmit<Substitute<Omit<FastOmit<DetailedHTMLProps<OlHTMLAttributes<HTMLOListElement>, HTMLOListElement>, never>, "ref"> & { ...; }, Omit<...> & { ...; }>, never>, never>'.
src/components/Aside/Content/SessionForm/SessionFormElements.tsx(50,10): error TS2769: No overload matches this call.
  Overload 1 of 2, '(props: PolymorphicComponentProps<"web", FastOmit<FastOmit<Substitute<Omit<FastOmit<DetailedHTMLProps<HTMLAttributes<HTMLSpanElement>, HTMLSpanElement>, "color" | ... 3 more ... | "isSent"> & { ...; }, "ref"> & { ...; }, Omit<...> & { ...; }>, never>, never>, void, void, {}, {}>): Element', gave the following error.
    Property 'size' is missing in type '{ children: any; weight: "bolder"; }' but required in type 'FastOmit<Substitute<FastOmit<FastOmit<Substitute<Omit<FastOmit<DetailedHTMLProps<HTMLAttributes<HTMLSpanElement>, HTMLSpanElement>, "color" | "size" | "weight" | "textType" | "isSent"> & { ...; }, "ref"> & { ...; }, Omit<...> & { ...; }>, never>, never>, FastOmit<...>>, keyof ExecutionProps>'.
  Overload 2 of 2, '(props: FastOmit<FastOmit<Substitute<Omit<FastOmit<DetailedHTMLProps<HTMLAttributes<HTMLSpanElement>, HTMLSpanElement>, "color" | "size" | "weight" | "textType" | "isSent"> & { ...; }, "ref"> & { ...; }, Omit<...> & { ...; }>, never>, never>): ReactNode', gave the following error.
    Property 'size' is missing in type '{ children: any; weight: "bolder"; }' but required in type 'FastOmit<FastOmit<Substitute<Omit<FastOmit<DetailedHTMLProps<HTMLAttributes<HTMLSpanElement>, HTMLSpanElement>, "color" | "size" | "weight" | "textType" | "isSent"> & { ...; }, "ref"> & { ...; }, Omit<...> & { ...; }>, never>, never>'.
src/components/Aside/Content/SessionForm/SessionFormElements.tsx(65,8): error TS2769: No overload matches this call.
  Overload 1 of 2, '(props: PolymorphicComponentProps<"web", FastOmit<FastOmit<FastOmit<Substitute<Omit<FastOmit<DetailedHTMLProps<HTMLAttributes<HTMLSpanElement>, HTMLSpanElement>, "color" | ... 3 more ... | "isSent"> & { ...; }, "ref"> & { ...; }, Omit<...> & { ...; }>, never>, never>, never>, void, void, {}, {}>): Element', gave the following error.
    Property 'size' is missing in type '{ children: any; weight: "bold"; }' but required in type 'FastOmit<Substitute<FastOmit<FastOmit<FastOmit<Substitute<Omit<FastOmit<DetailedHTMLProps<HTMLAttributes<HTMLSpanElement>, HTMLSpanElement>, "color" | "size" | "weight" | "textType" | "isSent"> & { ...; }, "ref"> & { ...; }, Omit<...> & { ...; }>, never>, never>, never>, FastOmit<...>>, keyof ExecutionProps>'.
  Overload 2 of 2, '(props: FastOmit<FastOmit<FastOmit<Substitute<Omit<FastOmit<DetailedHTMLProps<HTMLAttributes<HTMLSpanElement>, HTMLSpanElement>, "color" | "size" | "weight" | "textType" | "isSent"> & { ...; }, "ref"> & { ...; }, Omit<...> & { ...; }>, never>, never>, never>): ReactNode', gave the following error.
    Property 'size' is missing in type '{ children: any; weight: "bold"; }' but required in type 'FastOmit<FastOmit<FastOmit<Substitute<Omit<FastOmit<DetailedHTMLProps<HTMLAttributes<HTMLSpanElement>, HTMLSpanElement>, "color" | "size" | "weight" | "textType" | "isSent"> & { ...; }, "ref"> & { ...; }, Omit<...> & { ...; }>, never>, never>, never>'.
src/components/Aside/Content/SessionForm/SessionFormElements.tsx(103,8): error TS2769: No overload matches this call.
  Overload 1 of 2, '(props: PolymorphicComponentProps<"web", FastOmit<FastOmit<Substitute<Omit<FastOmit<DetailedHTMLProps<HTMLAttributes<HTMLSpanElement>, HTMLSpanElement>, "color" | ... 3 more ... | "isSent"> & { ...; }, "ref"> & { ...; }, Omit<...> & { ...; }>, never>, never>, void, void, {}, {}>): Element', gave the following error.
    Property 'size' is missing in type '{ children: any; weight: "bold"; }' but required in type 'FastOmit<Substitute<FastOmit<FastOmit<Substitute<Omit<FastOmit<DetailedHTMLProps<HTMLAttributes<HTMLSpanElement>, HTMLSpanElement>, "color" | "size" | "weight" | "textType" | "isSent"> & { ...; }, "ref"> & { ...; }, Omit<...> & { ...; }>, never>, never>, FastOmit<...>>, keyof ExecutionProps>'.
  Overload 2 of 2, '(props: FastOmit<FastOmit<Substitute<Omit<FastOmit<DetailedHTMLProps<HTMLAttributes<HTMLSpanElement>, HTMLSpanElement>, "color" | "size" | "weight" | "textType" | "isSent"> & { ...; }, "ref"> & { ...; }, Omit<...> & { ...; }>, never>, never>): ReactNode', gave the following error.
    Property 'size' is missing in type '{ children: any; weight: "bold"; }' but required in type 'FastOmit<FastOmit<Substitute<Omit<FastOmit<DetailedHTMLProps<HTMLAttributes<HTMLSpanElement>, HTMLSpanElement>, "color" | "size" | "weight" | "textType" | "isSent"> & { ...; }, "ref"> & { ...; }, Omit<...> & { ...; }>, never>, never>'.
src/components/Aside/Content/SessionForm/SessionFormElements.tsx(105,10): error TS2769: No overload matches this call.
  Overload 1 of 2, '(props: PolymorphicComponentProps<"web", FastOmit<FastOmit<Substitute<Omit<FastOmit<DetailedHTMLProps<HTMLAttributes<HTMLSpanElement>, HTMLSpanElement>, "color" | ... 3 more ... | "isSent"> & { ...; }, "ref"> & { ...; }, Omit<...> & { ...; }>, never>, never>, void, void, {}, {}>): Element', gave the following error.
    Property 'size' is missing in type '{ children: string; weight: "bold"; }' but required in type 'FastOmit<Substitute<FastOmit<FastOmit<Substitute<Omit<FastOmit<DetailedHTMLProps<HTMLAttributes<HTMLSpanElement>, HTMLSpanElement>, "color" | "size" | "weight" | "textType" | "isSent"> & { ...; }, "ref"> & { ...; }, Omit<...> & { ...; }>, never>, never>, FastOmit<...>>, keyof ExecutionProps>'.
  Overload 2 of 2, '(props: FastOmit<FastOmit<Substitute<Omit<FastOmit<DetailedHTMLProps<HTMLAttributes<HTMLSpanElement>, HTMLSpanElement>, "color" | "size" | "weight" | "textType" | "isSent"> & { ...; }, "ref"> & { ...; }, Omit<...> & { ...; }>, never>, never>): ReactNode', gave the following error.
    Property 'size' is missing in type '{ children: string; weight: "bold"; }' but required in type 'FastOmit<FastOmit<Substitute<Omit<FastOmit<DetailedHTMLProps<HTMLAttributes<HTMLSpanElement>, HTMLSpanElement>, "color" | "size" | "weight" | "textType" | "isSent"> & { ...; }, "ref"> & { ...; }, Omit<...> & { ...; }>, never>, never>'.
src/components/Aside/Content/SessionForm/index.tsx(58,8): error TS2769: No overload matches this call.
  Overload 1 of 2, '(props: PolymorphicComponentProps<"web", FastOmit<FastOmit<Substitute<FastOmit<FastOmit<Substitute<Omit<FastOmit<DetailedHTMLProps<HTMLAttributes<HTMLSpanElement>, HTMLSpanElement>, "color" | ... 3 more ... | "isSent"> & { ...; }, "ref"> & { ...; }, Omit<...> & { ...; }>, never>, never>, Omit<...> & { ...; }>, never>, never>, void, void, {}, {}>): Element', gave the following error.
    Property 'size' is missing in type '{ children: Element; }' but required in type 'FastOmit<Substitute<FastOmit<FastOmit<Substitute<FastOmit<FastOmit<Substitute<Omit<FastOmit<DetailedHTMLProps<HTMLAttributes<HTMLSpanElement>, HTMLSpanElement>, "color" | ... 3 more ... | "isSent"> & { ...; }, "ref"> & { ...; }, Omit<...> & { ...; }>, never>, never>, Omit<...> & { ...; }>, never>, never>, FastOmit<....'.
  Overload 2 of 2, '(props: FastOmit<FastOmit<Substitute<FastOmit<FastOmit<Substitute<Omit<FastOmit<DetailedHTMLProps<HTMLAttributes<HTMLSpanElement>, HTMLSpanElement>, "color" | ... 3 more ... | "isSent"> & { ...; }, "ref"> & { ...; }, Omit<...> & { ...; }>, never>, never>, Omit<...> & { ...; }>, never>, never>): ReactNode', gave the following error.
    Property 'size' is missing in type '{ children: Element; }' but required in type 'FastOmit<FastOmit<Substitute<FastOmit<FastOmit<Substitute<Omit<FastOmit<DetailedHTMLProps<HTMLAttributes<HTMLSpanElement>, HTMLSpanElement>, "color" | "size" | "weight" | "textType" | "isSent"> & { ...; }, "ref"> & { ...; }, Omit<...> & { ...; }>, never>, never>, Omit<...> & { ...; }>, never>, never>'.
src/components/Aside/Content/SessionForm/index.tsx(69,16): error TS2769: No overload matches this call.
  Overload 1 of 2, '(props: PolymorphicComponentProps<"web", FastOmit<FastOmit<Substitute<Omit<FastOmit<DetailedHTMLProps<HTMLAttributes<HTMLSpanElement>, HTMLSpanElement>, "color" | ... 3 more ... | "isSent"> & { ...; }, "ref"> & { ...; }, Omit<...> & { ...; }>, never>, never>, void, void, {}, {}>): Element', gave the following error.
    Property 'size' is missing in type '{ children: any; weight: "bold"; }' but required in type 'FastOmit<Substitute<FastOmit<FastOmit<Substitute<Omit<FastOmit<DetailedHTMLProps<HTMLAttributes<HTMLSpanElement>, HTMLSpanElement>, "color" | "size" | "weight" | "textType" | "isSent"> & { ...; }, "ref"> & { ...; }, Omit<...> & { ...; }>, never>, never>, FastOmit<...>>, keyof ExecutionProps>'.
  Overload 2 of 2, '(props: FastOmit<FastOmit<Substitute<Omit<FastOmit<DetailedHTMLProps<HTMLAttributes<HTMLSpanElement>, HTMLSpanElement>, "color" | "size" | "weight" | "textType" | "isSent"> & { ...; }, "ref"> & { ...; }, Omit<...> & { ...; }>, never>, never>): ReactNode', gave the following error.
    Property 'size' is missing in type '{ children: any; weight: "bold"; }' but required in type 'FastOmit<FastOmit<Substitute<Omit<FastOmit<DetailedHTMLProps<HTMLAttributes<HTMLSpanElement>, HTMLSpanElement>, "color" | "size" | "weight" | "textType" | "isSent"> & { ...; }, "ref"> & { ...; }, Omit<...> & { ...; }>, never>, never>'.
src/components/Aside/Content/SessionForm/index.tsx(70,18): error TS2304: Cannot find name 'checkboxData'.
src/components/Aside/Content/SessionForm/index.tsx(76,14): error TS2769: No overload matches this call.
  Overload 1 of 2, '(props: PolymorphicComponentProps<"web", FastOmit<FastOmit<Substitute<Omit<FastOmit<DetailedHTMLProps<HTMLAttributes<HTMLSpanElement>, HTMLSpanElement>, "color" | ... 3 more ... | "isSent"> & { ...; }, "ref"> & { ...; }, Omit<...> & { ...; }>, never>, never>, void, void, {}, {}>): Element', gave the following error.
    Property 'size' is missing in type '{ children: string; weight: "bold"; }' but required in type 'FastOmit<Substitute<FastOmit<FastOmit<Substitute<Omit<FastOmit<DetailedHTMLProps<HTMLAttributes<HTMLSpanElement>, HTMLSpanElement>, "color" | "size" | "weight" | "textType" | "isSent"> & { ...; }, "ref"> & { ...; }, Omit<...> & { ...; }>, never>, never>, FastOmit<...>>, keyof ExecutionProps>'.
  Overload 2 of 2, '(props: FastOmit<FastOmit<Substitute<Omit<FastOmit<DetailedHTMLProps<HTMLAttributes<HTMLSpanElement>, HTMLSpanElement>, "color" | "size" | "weight" | "textType" | "isSent"> & { ...; }, "ref"> & { ...; }, Omit<...> & { ...; }>, never>, never>): ReactNode', gave the following error.
    Property 'size' is missing in type '{ children: string; weight: "bold"; }' but required in type 'FastOmit<FastOmit<Substitute<Omit<FastOmit<DetailedHTMLProps<HTMLAttributes<HTMLSpanElement>, HTMLSpanElement>, "color" | "size" | "weight" | "textType" | "isSent"> & { ...; }, "ref"> & { ...; }, Omit<...> & { ...; }>, never>, never>'.
src/components/Aside/Content/SessionForm/index.tsx(77,14): error TS2769: No overload matches this call.
  Overload 1 of 2, '(props: PolymorphicComponentProps<"web", FastOmit<FastOmit<Substitute<Omit<FastOmit<DetailedHTMLProps<HTMLAttributes<HTMLSpanElement>, HTMLSpanElement>, "color" | ... 3 more ... | "isSent"> & { ...; }, "ref"> & { ...; }, Omit<...> & { ...; }>, never>, never>, void, void, {}, {}>): Element', gave the following error.
    Property 'size' is missing in type '{ children: any; weight: "bolder"; }' but required in type 'FastOmit<Substitute<FastOmit<FastOmit<Substitute<Omit<FastOmit<DetailedHTMLProps<HTMLAttributes<HTMLSpanElement>, HTMLSpanElement>, "color" | "size" | "weight" | "textType" | "isSent"> & { ...; }, "ref"> & { ...; }, Omit<...> & { ...; }>, never>, never>, FastOmit<...>>, keyof ExecutionProps>'.
  Overload 2 of 2, '(props: FastOmit<FastOmit<Substitute<Omit<FastOmit<DetailedHTMLProps<HTMLAttributes<HTMLSpanElement>, HTMLSpanElement>, "color" | "size" | "weight" | "textType" | "isSent"> & { ...; }, "ref"> & { ...; }, Omit<...> & { ...; }>, never>, never>): ReactNode', gave the following error.
    Property 'size' is missing in type '{ children: any; weight: "bolder"; }' but required in type 'FastOmit<FastOmit<Substitute<Omit<FastOmit<DetailedHTMLProps<HTMLAttributes<HTMLSpanElement>, HTMLSpanElement>, "color" | "size" | "weight" | "textType" | "isSent"> & { ...; }, "ref"> & { ...; }, Omit<...> & { ...; }>, never>, never>'.
src/components/Aside/Content/SessionForm/index.tsx(79,22): error TS18048: 'themeContext' is possibly 'undefined'.
src/components/Aside/Content/SessionForm/index.tsx(84,8): error TS2304: Cannot find name 'checkboxData'.
src/components/Aside/Content/SessionForm/index.tsx(84,26): error TS7006: Parameter 'checkbox' implicitly has an 'any' type.
src/components/Aside/Content/SessionForm/index.tsx(84,36): error TS7006: Parameter 'index' implicitly has an 'any' type.
src/components/Aside/Footer/index.tsx(52,12): error TS2769: No overload matches this call.
  Overload 1 of 2, '(props: PolymorphicComponentProps<"web", FastOmit<FastOmit<Substitute<Omit<FastOmit<DetailedHTMLProps<HTMLAttributes<HTMLSpanElement>, HTMLSpanElement>, "color" | ... 3 more ... | "isSent"> & { ...; }, "ref"> & { ...; }, Omit<...> & { ...; }>, never>, never>, void, void, {}, {}>): Element', gave the following error.
    Property 'size' is missing in type '{ children: string; }' but required in type 'FastOmit<Substitute<FastOmit<FastOmit<Substitute<Omit<FastOmit<DetailedHTMLProps<HTMLAttributes<HTMLSpanElement>, HTMLSpanElement>, "color" | "size" | "weight" | "textType" | "isSent"> & { ...; }, "ref"> & { ...; }, Omit<...> & { ...; }>, never>, never>, FastOmit<...>>, keyof ExecutionProps>'.
  Overload 2 of 2, '(props: FastOmit<FastOmit<Substitute<Omit<FastOmit<DetailedHTMLProps<HTMLAttributes<HTMLSpanElement>, HTMLSpanElement>, "color" | "size" | "weight" | "textType" | "isSent"> & { ...; }, "ref"> & { ...; }, Omit<...> & { ...; }>, never>, never>): ReactNode', gave the following error.
    Property 'size' is missing in type '{ children: string; }' but required in type 'FastOmit<FastOmit<Substitute<Omit<FastOmit<DetailedHTMLProps<HTMLAttributes<HTMLSpanElement>, HTMLSpanElement>, "color" | "size" | "weight" | "textType" | "isSent"> & { ...; }, "ref"> & { ...; }, Omit<...> & { ...; }>, never>, never>'.
src/components/Aside/Footer/index.tsx(57,12): error TS2769: No overload matches this call.
  Overload 1 of 2, '(props: PolymorphicComponentProps<"web", FastOmit<FastOmit<Substitute<Omit<FastOmit<DetailedHTMLProps<HTMLAttributes<HTMLSpanElement>, HTMLSpanElement>, "color" | ... 3 more ... | "isSent"> & { ...; }, "ref"> & { ...; }, Omit<...> & { ...; }>, never>, never>, void, void, {}, {}>): Element', gave the following error.
    Property 'size' is missing in type '{ children: string; }' but required in type 'FastOmit<Substitute<FastOmit<FastOmit<Substitute<Omit<FastOmit<DetailedHTMLProps<HTMLAttributes<HTMLSpanElement>, HTMLSpanElement>, "color" | "size" | "weight" | "textType" | "isSent"> & { ...; }, "ref"> & { ...; }, Omit<...> & { ...; }>, never>, never>, FastOmit<...>>, keyof ExecutionProps>'.
  Overload 2 of 2, '(props: FastOmit<FastOmit<Substitute<Omit<FastOmit<DetailedHTMLProps<HTMLAttributes<HTMLSpanElement>, HTMLSpanElement>, "color" | "size" | "weight" | "textType" | "isSent"> & { ...; }, "ref"> & { ...; }, Omit<...> & { ...; }>, never>, never>): ReactNode', gave the following error.
    Property 'size' is missing in type '{ children: string; }' but required in type 'FastOmit<FastOmit<Substitute<Omit<FastOmit<DetailedHTMLProps<HTMLAttributes<HTMLSpanElement>, HTMLSpanElement>, "color" | "size" | "weight" | "textType" | "isSent"> & { ...; }, "ref"> & { ...; }, Omit<...> & { ...; }>, never>, never>'.
src/components/Aside/Footer/index.tsx(62,12): error TS2769: No overload matches this call.
  Overload 1 of 2, '(props: PolymorphicComponentProps<"web", FastOmit<FastOmit<Substitute<Omit<FastOmit<DetailedHTMLProps<HTMLAttributes<HTMLSpanElement>, HTMLSpanElement>, "color" | ... 3 more ... | "isSent"> & { ...; }, "ref"> & { ...; }, Omit<...> & { ...; }>, never>, never>, void, void, {}, {}>): Element', gave the following error.
    Property 'size' is missing in type '{ children: Element; }' but required in type 'FastOmit<Substitute<FastOmit<FastOmit<Substitute<Omit<FastOmit<DetailedHTMLProps<HTMLAttributes<HTMLSpanElement>, HTMLSpanElement>, "color" | "size" | "weight" | "textType" | "isSent"> & { ...; }, "ref"> & { ...; }, Omit<...> & { ...; }>, never>, never>, FastOmit<...>>, keyof ExecutionProps>'.
  Overload 2 of 2, '(props: FastOmit<FastOmit<Substitute<Omit<FastOmit<DetailedHTMLProps<HTMLAttributes<HTMLSpanElement>, HTMLSpanElement>, "color" | "size" | "weight" | "textType" | "isSent"> & { ...; }, "ref"> & { ...; }, Omit<...> & { ...; }>, never>, never>): ReactNode', gave the following error.
    Property 'size' is missing in type '{ children: Element; }' but required in type 'FastOmit<FastOmit<Substitute<Omit<FastOmit<DetailedHTMLProps<HTMLAttributes<HTMLSpanElement>, HTMLSpanElement>, "color" | "size" | "weight" | "textType" | "isSent"> & { ...; }, "ref"> & { ...; }, Omit<...> & { ...; }>, never>, never>'.
src/components/Aside/Footer/index.tsx(67,10): error TS2769: No overload matches this call.
  Overload 1 of 2, '(props: PolymorphicComponentProps<"web", FastOmit<FastOmit<Substitute<Omit<FastOmit<DetailedHTMLProps<HTMLAttributes<HTMLSpanElement>, HTMLSpanElement>, "color" | ... 3 more ... | "isSent"> & { ...; }, "ref"> & { ...; }, Omit<...> & { ...; }>, never>, never>, void, void, {}, {}>): Element', gave the following error.
    Property 'size' is missing in type '{ children: string; }' but required in type 'FastOmit<Substitute<FastOmit<FastOmit<Substitute<Omit<FastOmit<DetailedHTMLProps<HTMLAttributes<HTMLSpanElement>, HTMLSpanElement>, "color" | "size" | "weight" | "textType" | "isSent"> & { ...; }, "ref"> & { ...; }, Omit<...> & { ...; }>, never>, never>, FastOmit<...>>, keyof ExecutionProps>'.
  Overload 2 of 2, '(props: FastOmit<FastOmit<Substitute<Omit<FastOmit<DetailedHTMLProps<HTMLAttributes<HTMLSpanElement>, HTMLSpanElement>, "color" | "size" | "weight" | "textType" | "isSent"> & { ...; }, "ref"> & { ...; }, Omit<...> & { ...; }>, never>, never>): ReactNode', gave the following error.
    Property 'size' is missing in type '{ children: string; }' but required in type 'FastOmit<FastOmit<Substitute<Omit<FastOmit<DetailedHTMLProps<HTMLAttributes<HTMLSpanElement>, HTMLSpanElement>, "color" | "size" | "weight" | "textType" | "isSent"> & { ...; }, "ref"> & { ...; }, Omit<...> & { ...; }>, never>, never>'.
src/components/Aside/Menu/MenuElements.tsx(11,3): error TS2345: Argument of type '(props: {    isSmallDevice: boolean;}) => { isSmallDevice: boolean; as: "nav"; }' is not assignable to parameter of type 'Attrs<FastOmit<Omit<FastOmit<DetailedHTMLProps<HTMLAttributes<HTMLDivElement>, HTMLDivElement>, never>, "ref"> & { ...; }, never>>'.
  Type '(props: {    isSmallDevice: boolean;}) => { isSmallDevice: boolean; as: "nav"; }' is not assignable to type '(props: ExecutionContext & FastOmit<Omit<FastOmit<DetailedHTMLProps<HTMLAttributes<HTMLDivElement>, HTMLDivElement>, never>, "ref"> & { ...; }, never>) => ExecutionProps & Partial<...>'.
    Types of parameters 'props' and 'props' are incompatible.
      Property 'isSmallDevice' is missing in type 'ExecutionContext & FastOmit<Omit<FastOmit<DetailedHTMLProps<HTMLAttributes<HTMLDivElement>, HTMLDivElement>, never>, "ref"> & { ...; }, never>' but required in type '{ isSmallDevice: boolean; }'.
src/components/Aside/Menu/MenuElements.tsx(24,15): error TS2339: Property 'isSmallDevice' does not exist on type 'ExecutionContext & FastOmit<FastOmit<Substitute<Omit<FastOmit<DetailedHTMLProps<HTMLAttributes<HTMLDivElement>, HTMLDivElement>, never>, "ref"> & { ...; }, Omit<...> & { ...; }>, never>, never>'.
src/components/Aside/Menu/index.tsx(19,10): error TS6133: 'tabIndex' is declared but its value is never read.
src/components/Aside/Menu/index.tsx(21,9): error TS6133: 'animateTabs' is declared but its value is never read.
src/components/Aside/Menu/index.tsx(47,14): error TS2769: No overload matches this call.
  Overload 1 of 2, '(props: PolymorphicComponentProps<"web", FastOmit<FastOmit<Substitute<Omit<FastOmit<DetailedHTMLProps<HTMLAttributes<HTMLDivElement>, HTMLDivElement>, never>, "ref"> & { ...; }, Omit<...> & { ...; }>, never>, never>, void, void, {}, {}>): Element', gave the following error.
    Type '{ children: Element; isSmallDevice: any; }' is not assignable to type 'IntrinsicAttributes & FastOmit<Substitute<FastOmit<FastOmit<Substitute<Omit<FastOmit<DetailedHTMLProps<HTMLAttributes<HTMLDivElement>, HTMLDivElement>, never>, "ref"> & { ...; }, Omit<...> & { ...; }>, never>, never>, FastOmit<...>>, keyof ExecutionProps> & FastOmit<...> & { ...; }'.
      Property 'isSmallDevice' does not exist on type 'IntrinsicAttributes & FastOmit<Substitute<FastOmit<FastOmit<Substitute<Omit<FastOmit<DetailedHTMLProps<HTMLAttributes<HTMLDivElement>, HTMLDivElement>, never>, "ref"> & { ...; }, Omit<...> & { ...; }>, never>, never>, FastOmit<...>>, keyof ExecutionProps> & FastOmit<...> & { ...; }'.
  Overload 2 of 2, '(props: FastOmit<FastOmit<Substitute<Omit<FastOmit<DetailedHTMLProps<HTMLAttributes<HTMLDivElement>, HTMLDivElement>, never>, "ref"> & { ...; }, Omit<...> & { ...; }>, never>, never>): ReactNode', gave the following error.
    Type '{ children: Element; isSmallDevice: any; }' is not assignable to type 'IntrinsicAttributes & FastOmit<FastOmit<Substitute<Omit<FastOmit<DetailedHTMLProps<HTMLAttributes<HTMLDivElement>, HTMLDivElement>, never>, "ref"> & { ...; }, Omit<...> & { ...; }>, never>, never>'.
      Property 'isSmallDevice' does not exist on type 'IntrinsicAttributes & FastOmit<FastOmit<Substitute<Omit<FastOmit<DetailedHTMLProps<HTMLAttributes<HTMLDivElement>, HTMLDivElement>, never>, "ref"> & { ...; }, Omit<...> & { ...; }>, never>, never>'.
src/components/Aside/index.tsx(16,3): error TS2345: Argument of type '(props: {    isSmallDevice?: boolean;}) => { isSmallDevice: boolean | undefined; as: "aside"; }' is not assignable to parameter of type 'Attrs<FastOmit<FastOmit<Omit<FastOmit<DetailedHTMLProps<HTMLAttributes<HTMLDivElement>, HTMLDivElement>, never>, "ref"> & { ...; }, never>, never>>'.
  Type '(props: {    isSmallDevice?: boolean;}) => { isSmallDevice: boolean | undefined; as: "aside"; }' is not assignable to type '(props: ExecutionContext & FastOmit<FastOmit<Omit<FastOmit<DetailedHTMLProps<HTMLAttributes<HTMLDivElement>, HTMLDivElement>, never>, "ref"> & { ...; }, never>, never>) => ExecutionProps & Partial<...>'.
    Types of parameters 'props' and 'props' are incompatible.
      Type 'ExecutionContext & FastOmit<FastOmit<Omit<FastOmit<DetailedHTMLProps<HTMLAttributes<HTMLDivElement>, HTMLDivElement>, never>, "ref"> & { ...; }, never>, never>' has no properties in common with type '{ isSmallDevice?: boolean | undefined; }'.
src/components/Chat/ChatElements.tsx(9,3): error TS2345: Argument of type '(props: {    isSmallDevice: boolean;}) => { isSmallDevice: boolean; }' is not assignable to parameter of type 'Attrs<FastOmit<Omit<FastOmit<DetailedHTMLProps<OlHTMLAttributes<HTMLOListElement>, HTMLOListElement>, never>, "ref"> & { ...; }, never>>'.
  Type '(props: {    isSmallDevice: boolean;}) => { isSmallDevice: boolean; }' is not assignable to type '(props: ExecutionContext & FastOmit<Omit<FastOmit<DetailedHTMLProps<OlHTMLAttributes<HTMLOListElement>, HTMLOListElement>, never>, "ref"> & { ...; }, never>) => ExecutionProps & Partial<...>'.
    Types of parameters 'props' and 'props' are incompatible.
      Property 'isSmallDevice' is missing in type 'ExecutionContext & FastOmit<Omit<FastOmit<DetailedHTMLProps<OlHTMLAttributes<HTMLOListElement>, HTMLOListElement>, never>, "ref"> & { ...; }, never>' but required in type '{ isSmallDevice: boolean; }'.
src/components/Chat/ChatElements.tsx(24,22): error TS2339: Property 'isSmallDevice' does not exist on type 'ExecutionContext & FastOmit<FastOmit<Substitute<Omit<FastOmit<DetailedHTMLProps<OlHTMLAttributes<HTMLOListElement>, HTMLOListElement>, never>, "ref"> & { ...; }, Omit<...> & { ...; }>, never>, never>'.
src/components/Chat/ChatElements.tsx(64,7): error TS6133: 'Hr' is declared but its value is never read.
src/components/Chat/ChatElements.tsx(74,8): error TS2769: No overload matches this call.
  Overload 1 of 2, '(props: PolymorphicComponentProps<"web", FastOmit<FastOmit<Substitute<Omit<FastOmit<DetailedHTMLProps<HTMLAttributes<HTMLSpanElement>, HTMLSpanElement>, "color" | ... 3 more ... | "isSent"> & { ...; }, "ref"> & { ...; }, Omit<...> & { ...; }>, never>, never>, void, void, {}, {}>): Element', gave the following error.
    Property 'size' is missing in type '{ children: string; color: string; }' but required in type 'FastOmit<Substitute<FastOmit<FastOmit<Substitute<Omit<FastOmit<DetailedHTMLProps<HTMLAttributes<HTMLSpanElement>, HTMLSpanElement>, "color" | "size" | "weight" | "textType" | "isSent"> & { ...; }, "ref"> & { ...; }, Omit<...> & { ...; }>, never>, never>, FastOmit<...>>, keyof ExecutionProps>'.
  Overload 2 of 2, '(props: FastOmit<FastOmit<Substitute<Omit<FastOmit<DetailedHTMLProps<HTMLAttributes<HTMLSpanElement>, HTMLSpanElement>, "color" | "size" | "weight" | "textType" | "isSent"> & { ...; }, "ref"> & { ...; }, Omit<...> & { ...; }>, never>, never>): ReactNode', gave the following error.
    Property 'size' is missing in type '{ children: string; color: string; }' but required in type 'FastOmit<FastOmit<Substitute<Omit<FastOmit<DetailedHTMLProps<HTMLAttributes<HTMLSpanElement>, HTMLSpanElement>, "color" | "size" | "weight" | "textType" | "isSent"> & { ...; }, "ref"> & { ...; }, Omit<...> & { ...; }>, never>, never>'.
src/components/Chat/MessagesHelper.ts(20,66): error TS6133: 'fromSystem' is declared but its value is never read.
src/components/Chat/index.tsx(81,17): error TS2769: No overload matches this call.
  Overload 1 of 2, '(props: PolymorphicComponentProps<"web", FastOmit<FastOmit<Substitute<Omit<FastOmit<DetailedHTMLProps<OlHTMLAttributes<HTMLOListElement>, HTMLOListElement>, never>, "ref"> & { ...; }, Omit<...> & { ...; }>, never>, never>, void, void, {}, {}>): Element', gave the following error.
    Type '{ children: any; isSmallDevice: any; }' is not assignable to type 'IntrinsicAttributes & FastOmit<Substitute<FastOmit<FastOmit<Substitute<Omit<FastOmit<DetailedHTMLProps<OlHTMLAttributes<HTMLOListElement>, HTMLOListElement>, never>, "ref"> & { ...; }, Omit<...> & { ...; }>, never>, never>, FastOmit<...>>, keyof ExecutionProps> & FastOmit<...> & { ...; }'.
      Property 'isSmallDevice' does not exist on type 'IntrinsicAttributes & FastOmit<Substitute<FastOmit<FastOmit<Substitute<Omit<FastOmit<DetailedHTMLProps<OlHTMLAttributes<HTMLOListElement>, HTMLOListElement>, never>, "ref"> & { ...; }, Omit<...> & { ...; }>, never>, never>, FastOmit<...>>, keyof ExecutionProps> & FastOmit<...> & { ...; }'.
  Overload 2 of 2, '(props: FastOmit<FastOmit<Substitute<Omit<FastOmit<DetailedHTMLProps<OlHTMLAttributes<HTMLOListElement>, HTMLOListElement>, never>, "ref"> & { ...; }, Omit<...> & { ...; }>, never>, never>): ReactNode', gave the following error.
    Type '{ children: any; isSmallDevice: any; }' is not assignable to type 'IntrinsicAttributes & FastOmit<FastOmit<Substitute<Omit<FastOmit<DetailedHTMLProps<OlHTMLAttributes<HTMLOListElement>, HTMLOListElement>, never>, "ref"> & { ...; }, Omit<...> & { ...; }>, never>, never>'.
      Property 'isSmallDevice' does not exist on type 'IntrinsicAttributes & FastOmit<FastOmit<Substitute<Omit<FastOmit<DetailedHTMLProps<OlHTMLAttributes<HTMLOListElement>, HTMLOListElement>, never>, "ref"> & { ...; }, Omit<...> & { ...; }>, never>, never>'.
src/components/Landing/LandingElements.tsx(1,18): error TS6133: 'css' is declared but its value is never read.
src/components/Landing/LandingElements.tsx(8,22): error TS6133: 'SmallText' is declared but its value is never read.
src/components/Landing/LandingElements.tsx(60,3): error TS2345: Argument of type '(props: {    isSmallDevice?: boolean;}) => { isSmallDevice: boolean | undefined; }' is not assignable to parameter of type 'Attrs<FastOmit<FastOmit<Omit<FastOmit<DetailedHTMLProps<HTMLAttributes<HTMLDivElement>, HTMLDivElement>, never>, "ref"> & { ...; }, never>, never>>'.
  Type '(props: {    isSmallDevice?: boolean;}) => { isSmallDevice: boolean | undefined; }' is not assignable to type '(props: ExecutionContext & FastOmit<FastOmit<Omit<FastOmit<DetailedHTMLProps<HTMLAttributes<HTMLDivElement>, HTMLDivElement>, never>, "ref"> & { ...; }, never>, never>) => ExecutionProps & Partial<...>'.
    Types of parameters 'props' and 'props' are incompatible.
      Type 'ExecutionContext & FastOmit<FastOmit<Omit<FastOmit<DetailedHTMLProps<HTMLAttributes<HTMLDivElement>, HTMLDivElement>, never>, "ref"> & { ...; }, never>, never>' has no properties in common with type '{ isSmallDevice?: boolean | undefined; }'.
src/components/Landing/LandingElements.tsx(65,8): error TS2339: Property 'isSmallDevice' does not exist on type 'ExecutionContext & FastOmit<FastOmit<Substitute<FastOmit<Omit<FastOmit<DetailedHTMLProps<HTMLAttributes<HTMLDivElement>, HTMLDivElement>, never>, "ref"> & { ...; }, never>, FastOmit<...>>, never>, never>'.
src/components/Landing/LandingElements.tsx(147,12): error TS2769: No overload matches this call.
  Overload 1 of 2, '(props: PolymorphicComponentProps<"web", FastOmit<FastOmit<Substitute<Omit<FastOmit<DetailedHTMLProps<HTMLAttributes<HTMLSpanElement>, HTMLSpanElement>, "color" | ... 3 more ... | "isSent"> & { ...; }, "ref"> & { ...; }, Omit<...> & { ...; }>, never>, never>, void, void, {}, {}>): Element', gave the following error.
    Property 'size' is missing in type '{ children: string; }' but required in type 'FastOmit<Substitute<FastOmit<FastOmit<Substitute<Omit<FastOmit<DetailedHTMLProps<HTMLAttributes<HTMLSpanElement>, HTMLSpanElement>, "color" | "size" | "weight" | "textType" | "isSent"> & { ...; }, "ref"> & { ...; }, Omit<...> & { ...; }>, never>, never>, FastOmit<...>>, keyof ExecutionProps>'.
  Overload 2 of 2, '(props: FastOmit<FastOmit<Substitute<Omit<FastOmit<DetailedHTMLProps<HTMLAttributes<HTMLSpanElement>, HTMLSpanElement>, "color" | "size" | "weight" | "textType" | "isSent"> & { ...; }, "ref"> & { ...; }, Omit<...> & { ...; }>, never>, never>): ReactNode', gave the following error.
    Property 'size' is missing in type '{ children: string; }' but required in type 'FastOmit<FastOmit<Substitute<Omit<FastOmit<DetailedHTMLProps<HTMLAttributes<HTMLSpanElement>, HTMLSpanElement>, "color" | "size" | "weight" | "textType" | "isSent"> & { ...; }, "ref"> & { ...; }, Omit<...> & { ...; }>, never>, never>'.
src/components/Landing/LandingElements.tsx(153,12): error TS2769: No overload matches this call.
  Overload 1 of 2, '(props: PolymorphicComponentProps<"web", FastOmit<FastOmit<Substitute<Omit<FastOmit<DetailedHTMLProps<HTMLAttributes<HTMLSpanElement>, HTMLSpanElement>, "color" | ... 3 more ... | "isSent"> & { ...; }, "ref"> & { ...; }, Omit<...> & { ...; }>, never>, never>, void, void, {}, {}>): Element', gave the following error.
    Property 'size' is missing in type '{ children: string; }' but required in type 'FastOmit<Substitute<FastOmit<FastOmit<Substitute<Omit<FastOmit<DetailedHTMLProps<HTMLAttributes<HTMLSpanElement>, HTMLSpanElement>, "color" | "size" | "weight" | "textType" | "isSent"> & { ...; }, "ref"> & { ...; }, Omit<...> & { ...; }>, never>, never>, FastOmit<...>>, keyof ExecutionProps>'.
  Overload 2 of 2, '(props: FastOmit<FastOmit<Substitute<Omit<FastOmit<DetailedHTMLProps<HTMLAttributes<HTMLSpanElement>, HTMLSpanElement>, "color" | "size" | "weight" | "textType" | "isSent"> & { ...; }, "ref"> & { ...; }, Omit<...> & { ...; }>, never>, never>): ReactNode', gave the following error.
    Property 'size' is missing in type '{ children: string; }' but required in type 'FastOmit<FastOmit<Substitute<Omit<FastOmit<DetailedHTMLProps<HTMLAttributes<HTMLSpanElement>, HTMLSpanElement>, "color" | "size" | "weight" | "textType" | "isSent"> & { ...; }, "ref"> & { ...; }, Omit<...> & { ...; }>, never>, never>'.
src/components/Landing/LandingElements.tsx(157,12): error TS2769: No overload matches this call.
  Overload 1 of 2, '(props: PolymorphicComponentProps<"web", FastOmit<FastOmit<Substitute<Omit<FastOmit<DetailedHTMLProps<HTMLAttributes<HTMLSpanElement>, HTMLSpanElement>, "color" | ... 3 more ... | "isSent"> & { ...; }, "ref"> & { ...; }, Omit<...> & { ...; }>, never>, never>, void, void, {}, {}>): Element', gave the following error.
    Property 'size' is missing in type '{ children: string; }' but required in type 'FastOmit<Substitute<FastOmit<FastOmit<Substitute<Omit<FastOmit<DetailedHTMLProps<HTMLAttributes<HTMLSpanElement>, HTMLSpanElement>, "color" | "size" | "weight" | "textType" | "isSent"> & { ...; }, "ref"> & { ...; }, Omit<...> & { ...; }>, never>, never>, FastOmit<...>>, keyof ExecutionProps>'.
  Overload 2 of 2, '(props: FastOmit<FastOmit<Substitute<Omit<FastOmit<DetailedHTMLProps<HTMLAttributes<HTMLSpanElement>, HTMLSpanElement>, "color" | "size" | "weight" | "textType" | "isSent"> & { ...; }, "ref"> & { ...; }, Omit<...> & { ...; }>, never>, never>): ReactNode', gave the following error.
    Property 'size' is missing in type '{ children: string; }' but required in type 'FastOmit<FastOmit<Substitute<Omit<FastOmit<DetailedHTMLProps<HTMLAttributes<HTMLSpanElement>, HTMLSpanElement>, "color" | "size" | "weight" | "textType" | "isSent"> & { ...; }, "ref"> & { ...; }, Omit<...> & { ...; }>, never>, never>'.
src/components/Landing/LandingElements.tsx(162,14): error TS2769: No overload matches this call.
  Overload 1 of 2, '(props: PolymorphicComponentProps<"web", FastOmit<FastOmit<Substitute<Omit<FastOmit<DetailedHTMLProps<HTMLAttributes<HTMLSpanElement>, HTMLSpanElement>, "color" | ... 3 more ... | "isSent"> & { ...; }, "ref"> & { ...; }, Omit<...> & { ...; }>, never>, never>, void, void, {}, {}>): Element', gave the following error.
    Property 'size' is missing in type '{ children: (string | Element)[]; }' but required in type 'FastOmit<Substitute<FastOmit<FastOmit<Substitute<Omit<FastOmit<DetailedHTMLProps<HTMLAttributes<HTMLSpanElement>, HTMLSpanElement>, "color" | "size" | "weight" | "textType" | "isSent"> & { ...; }, "ref"> & { ...; }, Omit<...> & { ...; }>, never>, never>, FastOmit<...>>, keyof ExecutionProps>'.
  Overload 2 of 2, '(props: FastOmit<FastOmit<Substitute<Omit<FastOmit<DetailedHTMLProps<HTMLAttributes<HTMLSpanElement>, HTMLSpanElement>, "color" | "size" | "weight" | "textType" | "isSent"> & { ...; }, "ref"> & { ...; }, Omit<...> & { ...; }>, never>, never>): ReactNode', gave the following error.
    Property 'size' is missing in type '{ children: (string | Element)[]; }' but required in type 'FastOmit<FastOmit<Substitute<Omit<FastOmit<DetailedHTMLProps<HTMLAttributes<HTMLSpanElement>, HTMLSpanElement>, "color" | "size" | "weight" | "textType" | "isSent"> & { ...; }, "ref"> & { ...; }, Omit<...> & { ...; }>, never>, never>'.
src/components/Landing/LandingElements.tsx(165,18): error TS2769: No overload matches this call.
  Overload 1 of 2, '(props: PolymorphicComponentProps<"web", FastOmit<FastOmit<Substitute<Omit<FastOmit<DetailedHTMLProps<HTMLAttributes<HTMLSpanElement>, HTMLSpanElement>, "color" | ... 3 more ... | "isSent"> & { ...; }, "ref"> & { ...; }, Omit<...> & { ...; }>, never>, never>, void, void, {}, {}>): Element', gave the following error.
    Property 'size' is missing in type '{ children: Element; textType: "success"; }' but required in type 'FastOmit<Substitute<FastOmit<FastOmit<Substitute<Omit<FastOmit<DetailedHTMLProps<HTMLAttributes<HTMLSpanElement>, HTMLSpanElement>, "color" | "size" | "weight" | "textType" | "isSent"> & { ...; }, "ref"> & { ...; }, Omit<...> & { ...; }>, never>, never>, FastOmit<...>>, keyof ExecutionProps>'.
  Overload 2 of 2, '(props: FastOmit<FastOmit<Substitute<Omit<FastOmit<DetailedHTMLProps<HTMLAttributes<HTMLSpanElement>, HTMLSpanElement>, "color" | "size" | "weight" | "textType" | "isSent"> & { ...; }, "ref"> & { ...; }, Omit<...> & { ...; }>, never>, never>): ReactNode', gave the following error.
    Property 'size' is missing in type '{ children: Element; textType: "success"; }' but required in type 'FastOmit<FastOmit<Substitute<Omit<FastOmit<DetailedHTMLProps<HTMLAttributes<HTMLSpanElement>, HTMLSpanElement>, "color" | "size" | "weight" | "textType" | "isSent"> & { ...; }, "ref"> & { ...; }, Omit<...> & { ...; }>, never>, never>'.
src/components/Landing/LandingElements.tsx(200,12): error TS2769: No overload matches this call.
  Overload 1 of 2, '(props: PolymorphicComponentProps<"web", FastOmit<FastOmit<Substitute<Omit<FastOmit<DetailedHTMLProps<HTMLAttributes<HTMLSpanElement>, HTMLSpanElement>, "color" | ... 3 more ... | "isSent"> & { ...; }, "ref"> & { ...; }, Omit<...> & { ...; }>, never>, never>, void, void, {}, {}>): Element', gave the following error.
    Property 'size' is missing in type '{ children: string; }' but required in type 'FastOmit<Substitute<FastOmit<FastOmit<Substitute<Omit<FastOmit<DetailedHTMLProps<HTMLAttributes<HTMLSpanElement>, HTMLSpanElement>, "color" | "size" | "weight" | "textType" | "isSent"> & { ...; }, "ref"> & { ...; }, Omit<...> & { ...; }>, never>, never>, FastOmit<...>>, keyof ExecutionProps>'.
  Overload 2 of 2, '(props: FastOmit<FastOmit<Substitute<Omit<FastOmit<DetailedHTMLProps<HTMLAttributes<HTMLSpanElement>, HTMLSpanElement>, "color" | "size" | "weight" | "textType" | "isSent"> & { ...; }, "ref"> & { ...; }, Omit<...> & { ...; }>, never>, never>): ReactNode', gave the following error.
    Property 'size' is missing in type '{ children: string; }' but required in type 'FastOmit<FastOmit<Substitute<Omit<FastOmit<DetailedHTMLProps<HTMLAttributes<HTMLSpanElement>, HTMLSpanElement>, "color" | "size" | "weight" | "textType" | "isSent"> & { ...; }, "ref"> & { ...; }, Omit<...> & { ...; }>, never>, never>'.
src/components/Landing/LandingElements.tsx(206,12): error TS2769: No overload matches this call.
  Overload 1 of 2, '(props: PolymorphicComponentProps<"web", FastOmit<FastOmit<Substitute<Omit<FastOmit<DetailedHTMLProps<HTMLAttributes<HTMLSpanElement>, HTMLSpanElement>, "color" | ... 3 more ... | "isSent"> & { ...; }, "ref"> & { ...; }, Omit<...> & { ...; }>, never>, never>, void, void, {}, {}>): Element', gave the following error.
    Property 'size' is missing in type '{ children: string; }' but required in type 'FastOmit<Substitute<FastOmit<FastOmit<Substitute<Omit<FastOmit<DetailedHTMLProps<HTMLAttributes<HTMLSpanElement>, HTMLSpanElement>, "color" | "size" | "weight" | "textType" | "isSent"> & { ...; }, "ref"> & { ...; }, Omit<...> & { ...; }>, never>, never>, FastOmit<...>>, keyof ExecutionProps>'.
  Overload 2 of 2, '(props: FastOmit<FastOmit<Substitute<Omit<FastOmit<DetailedHTMLProps<HTMLAttributes<HTMLSpanElement>, HTMLSpanElement>, "color" | "size" | "weight" | "textType" | "isSent"> & { ...; }, "ref"> & { ...; }, Omit<...> & { ...; }>, never>, never>): ReactNode', gave the following error.
    Property 'size' is missing in type '{ children: string; }' but required in type 'FastOmit<FastOmit<Substitute<Omit<FastOmit<DetailedHTMLProps<HTMLAttributes<HTMLSpanElement>, HTMLSpanElement>, "color" | "size" | "weight" | "textType" | "isSent"> & { ...; }, "ref"> & { ...; }, Omit<...> & { ...; }>, never>, never>'.
src/components/Landing/LandingElements.tsx(213,12): error TS2769: No overload matches this call.
  Overload 1 of 2, '(props: PolymorphicComponentProps<"web", FastOmit<FastOmit<Substitute<Omit<FastOmit<DetailedHTMLProps<HTMLAttributes<HTMLSpanElement>, HTMLSpanElement>, "color" | ... 3 more ... | "isSent"> & { ...; }, "ref"> & { ...; }, Omit<...> & { ...; }>, never>, never>, void, void, {}, {}>): Element', gave the following error.
    Property 'size' is missing in type '{ children: string; }' but required in type 'FastOmit<Substitute<FastOmit<FastOmit<Substitute<Omit<FastOmit<DetailedHTMLProps<HTMLAttributes<HTMLSpanElement>, HTMLSpanElement>, "color" | "size" | "weight" | "textType" | "isSent"> & { ...; }, "ref"> & { ...; }, Omit<...> & { ...; }>, never>, never>, FastOmit<...>>, keyof ExecutionProps>'.
  Overload 2 of 2, '(props: FastOmit<FastOmit<Substitute<Omit<FastOmit<DetailedHTMLProps<HTMLAttributes<HTMLSpanElement>, HTMLSpanElement>, "color" | "size" | "weight" | "textType" | "isSent"> & { ...; }, "ref"> & { ...; }, Omit<...> & { ...; }>, never>, never>): ReactNode', gave the following error.
    Property 'size' is missing in type '{ children: string; }' but required in type 'FastOmit<FastOmit<Substitute<Omit<FastOmit<DetailedHTMLProps<HTMLAttributes<HTMLSpanElement>, HTMLSpanElement>, "color" | "size" | "weight" | "textType" | "isSent"> & { ...; }, "ref"> & { ...; }, Omit<...> & { ...; }>, never>, never>'.
src/components/Landing/index.tsx(46,14): error TS2769: No overload matches this call.
  Overload 1 of 2, '(props: PolymorphicComponentProps<"web", FastOmit<FastOmit<Substitute<FastOmit<Omit<FastOmit<DetailedHTMLProps<HTMLAttributes<HTMLDivElement>, HTMLDivElement>, never>, "ref"> & { ...; }, never>, FastOmit<...>>, never>, never>, void, void, {}, {}>): Element', gave the following error.
    Type '{ children: Element[]; isSmallDevice: boolean; }' is not assignable to type 'IntrinsicAttributes & FastOmit<Substitute<FastOmit<FastOmit<Substitute<FastOmit<Omit<FastOmit<DetailedHTMLProps<HTMLAttributes<HTMLDivElement>, HTMLDivElement>, never>, "ref"> & { ...; }, never>, FastOmit<...>>, never>, never>, FastOmit<...>>, keyof ExecutionProps> & FastOmit<...> & { ...; }'.
      Property 'isSmallDevice' does not exist on type 'IntrinsicAttributes & FastOmit<Substitute<FastOmit<FastOmit<Substitute<FastOmit<Omit<FastOmit<DetailedHTMLProps<HTMLAttributes<HTMLDivElement>, HTMLDivElement>, never>, "ref"> & { ...; }, never>, FastOmit<...>>, never>, never>, FastOmit<...>>, keyof ExecutionProps> & FastOmit<...> & { ...; }'.
  Overload 2 of 2, '(props: FastOmit<FastOmit<Substitute<FastOmit<Omit<FastOmit<DetailedHTMLProps<HTMLAttributes<HTMLDivElement>, HTMLDivElement>, never>, "ref"> & { ...; }, never>, FastOmit<...>>, never>, never>): ReactNode', gave the following error.
    Type '{ children: Element[]; isSmallDevice: boolean; }' is not assignable to type 'IntrinsicAttributes & FastOmit<FastOmit<Substitute<FastOmit<Omit<FastOmit<DetailedHTMLProps<HTMLAttributes<HTMLDivElement>, HTMLDivElement>, never>, "ref"> & { ...; }, never>, FastOmit<...>>, never>, never>'.
      Property 'isSmallDevice' does not exist on type 'IntrinsicAttributes & FastOmit<FastOmit<Substitute<FastOmit<Omit<FastOmit<DetailedHTMLProps<HTMLAttributes<HTMLDivElement>, HTMLDivElement>, never>, "ref"> & { ...; }, never>, FastOmit<...>>, never>, never>'.
src/components/Landing/index.tsx(71,16): error TS2769: No overload matches this call.
  Overload 1 of 2, '(props: PolymorphicComponentProps<"web", FastOmit<FastOmit<Substitute<Omit<FastOmit<DetailedHTMLProps<HTMLAttributes<HTMLSpanElement>, HTMLSpanElement>, "color" | ... 3 more ... | "isSent"> & { ...; }, "ref"> & { ...; }, Omit<...> & { ...; }>, never>, never>, void, void, {}, {}>): Element', gave the following error.
    Property 'size' is missing in type '{ children: string; weight: "bold"; }' but required in type 'FastOmit<Substitute<FastOmit<FastOmit<Substitute<Omit<FastOmit<DetailedHTMLProps<HTMLAttributes<HTMLSpanElement>, HTMLSpanElement>, "color" | "size" | "weight" | "textType" | "isSent"> & { ...; }, "ref"> & { ...; }, Omit<...> & { ...; }>, never>, never>, FastOmit<...>>, keyof ExecutionProps>'.
  Overload 2 of 2, '(props: FastOmit<FastOmit<Substitute<Omit<FastOmit<DetailedHTMLProps<HTMLAttributes<HTMLSpanElement>, HTMLSpanElement>, "color" | "size" | "weight" | "textType" | "isSent"> & { ...; }, "ref"> & { ...; }, Omit<...> & { ...; }>, never>, never>): ReactNode', gave the following error.
    Property 'size' is missing in type '{ children: string; weight: "bold"; }' but required in type 'FastOmit<FastOmit<Substitute<Omit<FastOmit<DetailedHTMLProps<HTMLAttributes<HTMLSpanElement>, HTMLSpanElement>, "color" | "size" | "weight" | "textType" | "isSent"> & { ...; }, "ref"> & { ...; }, Omit<...> & { ...; }>, never>, never>'.
src/components/Landing/index.tsx(76,20): error TS2769: No overload matches this call.
  Overload 1 of 2, '(props: PolymorphicComponentProps<"web", FastOmit<FastOmit<Substitute<Omit<FastOmit<DetailedHTMLProps<HTMLAttributes<HTMLSpanElement>, HTMLSpanElement>, "color" | ... 3 more ... | "isSent"> & { ...; }, "ref"> & { ...; }, Omit<...> & { ...; }>, never>, never>, void, void, {}, {}>): Element', gave the following error.
    Property 'size' is missing in type '{ children: string; style: { marginBottom: string; marginRight: string; }; }' but required in type 'FastOmit<Substitute<FastOmit<FastOmit<Substitute<Omit<FastOmit<DetailedHTMLProps<HTMLAttributes<HTMLSpanElement>, HTMLSpanElement>, "color" | "size" | "weight" | "textType" | "isSent"> & { ...; }, "ref"> & { ...; }, Omit<...> & { ...; }>, never>, never>, FastOmit<...>>, keyof ExecutionProps>'.
  Overload 2 of 2, '(props: FastOmit<FastOmit<Substitute<Omit<FastOmit<DetailedHTMLProps<HTMLAttributes<HTMLSpanElement>, HTMLSpanElement>, "color" | "size" | "weight" | "textType" | "isSent"> & { ...; }, "ref"> & { ...; }, Omit<...> & { ...; }>, never>, never>): ReactNode', gave the following error.
    Property 'size' is missing in type '{ children: string; style: { marginBottom: string; marginRight: string; }; }' but required in type 'FastOmit<FastOmit<Substitute<Omit<FastOmit<DetailedHTMLProps<HTMLAttributes<HTMLSpanElement>, HTMLSpanElement>, "color" | "size" | "weight" | "textType" | "isSent"> & { ...; }, "ref"> & { ...; }, Omit<...> & { ...; }>, never>, never>'.
src/components/Landing/index.tsx(81,20): error TS2769: No overload matches this call.
  Overload 1 of 2, '(props: PolymorphicComponentProps<"web", FastOmit<FastOmit<Substitute<Omit<FastOmit<DetailedHTMLProps<HTMLAttributes<HTMLSpanElement>, HTMLSpanElement>, "color" | ... 3 more ... | "isSent"> & { ...; }, "ref"> & { ...; }, Omit<...> & { ...; }>, never>, never>, void, void, {}, {}>): Element', gave the following error.
    Property 'size' is missing in type '{ children: string; color: any; }' but required in type 'FastOmit<Substitute<FastOmit<FastOmit<Substitute<Omit<FastOmit<DetailedHTMLProps<HTMLAttributes<HTMLSpanElement>, HTMLSpanElement>, "color" | "size" | "weight" | "textType" | "isSent"> & { ...; }, "ref"> & { ...; }, Omit<...> & { ...; }>, never>, never>, FastOmit<...>>, keyof ExecutionProps>'.
  Overload 2 of 2, '(props: FastOmit<FastOmit<Substitute<Omit<FastOmit<DetailedHTMLProps<HTMLAttributes<HTMLSpanElement>, HTMLSpanElement>, "color" | "size" | "weight" | "textType" | "isSent"> & { ...; }, "ref"> & { ...; }, Omit<...> & { ...; }>, never>, never>): ReactNode', gave the following error.
    Property 'size' is missing in type '{ children: string; color: any; }' but required in type 'FastOmit<FastOmit<Substitute<Omit<FastOmit<DetailedHTMLProps<HTMLAttributes<HTMLSpanElement>, HTMLSpanElement>, "color" | "size" | "weight" | "textType" | "isSent"> & { ...; }, "ref"> & { ...; }, Omit<...> & { ...; }>, never>, never>'.
src/components/Landing/index.tsx(82,28): error TS18048: 'themeContext' is possibly 'undefined'.
src/components/Landing/index.tsx(110,22): error TS2769: No overload matches this call.
  Overload 1 of 2, '(props: PolymorphicComponentProps<"web", FastOmit<FastOmit<Substitute<Omit<FastOmit<DetailedHTMLProps<HTMLAttributes<HTMLSpanElement>, HTMLSpanElement>, "color" | ... 3 more ... | "isSent"> & { ...; }, "ref"> & { ...; }, Omit<...> & { ...; }>, never>, never>, void, void, {}, {}>): Element', gave the following error.
    Property 'size' is missing in type '{ children: string; weight: "bold"; textType: "warning"; }' but required in type 'FastOmit<Substitute<FastOmit<FastOmit<Substitute<Omit<FastOmit<DetailedHTMLProps<HTMLAttributes<HTMLSpanElement>, HTMLSpanElement>, "color" | "size" | "weight" | "textType" | "isSent"> & { ...; }, "ref"> & { ...; }, Omit<...> & { ...; }>, never>, never>, FastOmit<...>>, keyof ExecutionProps>'.
  Overload 2 of 2, '(props: FastOmit<FastOmit<Substitute<Omit<FastOmit<DetailedHTMLProps<HTMLAttributes<HTMLSpanElement>, HTMLSpanElement>, "color" | "size" | "weight" | "textType" | "isSent"> & { ...; }, "ref"> & { ...; }, Omit<...> & { ...; }>, never>, never>): ReactNode', gave the following error.
    Property 'size' is missing in type '{ children: string; weight: "bold"; textType: "warning"; }' but required in type 'FastOmit<FastOmit<Substitute<Omit<FastOmit<DetailedHTMLProps<HTMLAttributes<HTMLSpanElement>, HTMLSpanElement>, "color" | "size" | "weight" | "textType" | "isSent"> & { ...; }, "ref"> & { ...; }, Omit<...> & { ...; }>, never>, never>'.
src/components/Landing/index.tsx(126,16): error TS2769: No overload matches this call.
  Overload 1 of 2, '(props: PolymorphicComponentProps<"web", FastOmit<FastOmit<Substitute<Omit<FastOmit<DetailedHTMLProps<HTMLAttributes<HTMLSpanElement>, HTMLSpanElement>, "color" | ... 3 more ... | "isSent"> & { ...; }, "ref"> & { ...; }, Omit<...> & { ...; }>, never>, never>, void, void, {}, {}>): Element', gave the following error.
    Property 'size' is missing in type '{ children: Element; textType: "success"; }' but required in type 'FastOmit<Substitute<FastOmit<FastOmit<Substitute<Omit<FastOmit<DetailedHTMLProps<HTMLAttributes<HTMLSpanElement>, HTMLSpanElement>, "color" | "size" | "weight" | "textType" | "isSent"> & { ...; }, "ref"> & { ...; }, Omit<...> & { ...; }>, never>, never>, FastOmit<...>>, keyof ExecutionProps>'.
  Overload 2 of 2, '(props: FastOmit<FastOmit<Substitute<Omit<FastOmit<DetailedHTMLProps<HTMLAttributes<HTMLSpanElement>, HTMLSpanElement>, "color" | "size" | "weight" | "textType" | "isSent"> & { ...; }, "ref"> & { ...; }, Omit<...> & { ...; }>, never>, never>): ReactNode', gave the following error.
    Property 'size' is missing in type '{ children: Element; textType: "success"; }' but required in type 'FastOmit<FastOmit<Substitute<Omit<FastOmit<DetailedHTMLProps<HTMLAttributes<HTMLSpanElement>, HTMLSpanElement>, "color" | "size" | "weight" | "textType" | "isSent"> & { ...; }, "ref"> & { ...; }, Omit<...> & { ...; }>, never>, never>'.
src/components/Layout/index.tsx(7,1): error TS6133: 'Menu' is declared but its value is never read.
src/components/Message/Bubbles/asdasd.tsx(1,23): error TS6133: 'keyframes' is declared but its value is never read.
src/components/Message/Bubbles/asdasd.tsx(52,24): error TS6133: 'isLeft' is declared but its value is never read.
src/components/Message/Bubbles/asdasd.tsx(62,40): error TS2345: Argument of type '(props: BubbleProps) => { isLeft: boolean; renderTail: boolean | undefined; message: string; messageType: "audio" | "image" | "text"; className: string; class: string; }' is not assignable to parameter of type 'Attrs<FastOmit<DetailedHTMLProps<HTMLAttributes<HTMLDivElement>, HTMLDivElement>, never>>'.
  Type '(props: BubbleProps) => { isLeft: boolean; renderTail: boolean | undefined; message: string; messageType: "audio" | "image" | "text"; className: string; class: string; }' is not assignable to type '(props: ExecutionContext & FastOmit<DetailedHTMLProps<HTMLAttributes<HTMLDivElement>, HTMLDivElement>, never>) => ExecutionProps & Partial<...>'.
    Types of parameters 'props' and 'props' are incompatible.
      Type 'ExecutionContext & FastOmit<DetailedHTMLProps<HTMLAttributes<HTMLDivElement>, HTMLDivElement>, never>' is missing the following properties from type 'BubbleProps': isLeft, message, messageType
src/components/Message/Bubbles/asdasd.tsx(86,11): error TS2339: Property 'renderTail' does not exist on type 'ExecutionContext & FastOmit<FastOmit<Substitute<DetailedHTMLProps<HTMLAttributes<HTMLDivElement>, HTMLDivElement>, Omit<...> & { ...; }>, never>, never>'.
src/components/Message/Bubbles/asdasd.tsx(90,32): error TS2339: Property 'isLeft' does not exist on type 'ExecutionContext & FastOmit<FastOmit<Substitute<DetailedHTMLProps<HTMLAttributes<HTMLDivElement>, HTMLDivElement>, Omit<...> & { ...; }>, never>, never>'.
src/components/Message/Bubbles/asdasd.tsx(94,33): error TS2339: Property 'isLeft' does not exist on type 'ExecutionContext & FastOmit<FastOmit<Substitute<DetailedHTMLProps<HTMLAttributes<HTMLDivElement>, HTMLDivElement>, Omit<...> & { ...; }>, never>, never>'.
src/components/Message/Bubbles/asdasd.tsx(109,11): error TS2339: Property 'isLeft' does not exist on type 'ExecutionContext & FastOmit<FastOmit<Substitute<DetailedHTMLProps<HTMLAttributes<HTMLDivElement>, HTMLDivElement>, Omit<...> & { ...; }>, never>, never>'.
src/components/Message/Bubbles/asdasd.tsx(152,10): error TS2769: No overload matches this call.
  Overload 1 of 2, '(props: PolymorphicComponentProps<"web", FastOmit<FastOmit<Substitute<Omit<FastOmit<DetailedHTMLProps<HTMLAttributes<HTMLSpanElement>, HTMLSpanElement>, "color" | ... 3 more ... | "isSent"> & { ...; }, "ref"> & { ...; }, Omit<...> & { ...; }>, never>, never>, void, void, {}, {}>): Element', gave the following error.
    Property 'size' is missing in type '{ children: string | null; color: string; className: string; style: { gridArea: "username"; }; }' but required in type 'FastOmit<Substitute<FastOmit<FastOmit<Substitute<Omit<FastOmit<DetailedHTMLProps<HTMLAttributes<HTMLSpanElement>, HTMLSpanElement>, "color" | "size" | "weight" | "textType" | "isSent"> & { ...; }, "ref"> & { ...; }, Omit<...> & { ...; }>, never>, never>, FastOmit<...>>, keyof ExecutionProps>'.
  Overload 2 of 2, '(props: FastOmit<FastOmit<Substitute<Omit<FastOmit<DetailedHTMLProps<HTMLAttributes<HTMLSpanElement>, HTMLSpanElement>, "color" | "size" | "weight" | "textType" | "isSent"> & { ...; }, "ref"> & { ...; }, Omit<...> & { ...; }>, never>, never>): ReactNode', gave the following error.
    Property 'size' is missing in type '{ children: string | null; color: string; className: string; style: { gridArea: "username"; }; }' but required in type 'FastOmit<FastOmit<Substitute<Omit<FastOmit<DetailedHTMLProps<HTMLAttributes<HTMLSpanElement>, HTMLSpanElement>, "color" | "size" | "weight" | "textType" | "isSent"> & { ...; }, "ref"> & { ...; }, Omit<...> & { ...; }>, never>, never>'.
src/components/Message/Bubbles/asdasd.tsx(159,10): error TS2769: No overload matches this call.
  Overload 1 of 2, '(props: PolymorphicComponentProps<"web", FastOmit<FastOmit<Substitute<Omit<FastOmit<DetailedHTMLProps<HTMLAttributes<HTMLSpanElement>, HTMLSpanElement>, "color" | ... 3 more ... | "isSent"> & { ...; }, "ref"> & { ...; }, Omit<...> & { ...; }>, never>, never>, void, void, {}, {}>): Element', gave the following error.
    Property 'size' is missing in type '{ children: string; textType: "accent"; className: string; style: { gridArea: "timestamp"; }; }' but required in type 'FastOmit<Substitute<FastOmit<FastOmit<Substitute<Omit<FastOmit<DetailedHTMLProps<HTMLAttributes<HTMLSpanElement>, HTMLSpanElement>, "color" | "size" | "weight" | "textType" | "isSent"> & { ...; }, "ref"> & { ...; }, Omit<...> & { ...; }>, never>, never>, FastOmit<...>>, keyof ExecutionProps>'.
  Overload 2 of 2, '(props: FastOmit<FastOmit<Substitute<Omit<FastOmit<DetailedHTMLProps<HTMLAttributes<HTMLSpanElement>, HTMLSpanElement>, "color" | "size" | "weight" | "textType" | "isSent"> & { ...; }, "ref"> & { ...; }, Omit<...> & { ...; }>, never>, never>): ReactNode', gave the following error.
    Property 'size' is missing in type '{ children: string; textType: "accent"; className: string; style: { gridArea: "timestamp"; }; }' but required in type 'FastOmit<FastOmit<Substitute<Omit<FastOmit<DetailedHTMLProps<HTMLAttributes<HTMLSpanElement>, HTMLSpanElement>, "color" | "size" | "weight" | "textType" | "isSent"> & { ...; }, "ref"> & { ...; }, Omit<...> & { ...; }>, never>, never>'.
src/components/Message/Bubbles/asdasd.tsx(169,9): error TS2769: No overload matches this call.
  Overload 1 of 2, '(props: PolymorphicComponentProps<"web", FastOmit<FastOmit<Substitute<DetailedHTMLProps<HTMLAttributes<HTMLDivElement>, HTMLDivElement>, Omit<DetailedHTMLProps<HTMLAttributes<HTMLDivElement>, HTMLDivElement>, "ref"> & { ...; }>, never>, never>, void, void, {}, {}>): Element', gave the following error.
    Type '{ children: Element; isLeft: boolean; message: string; messageType: string; renderTail: boolean; }' is not assignable to type 'IntrinsicAttributes & FastOmit<Substitute<FastOmit<FastOmit<Substitute<DetailedHTMLProps<HTMLAttributes<HTMLDivElement>, HTMLDivElement>, Omit<...> & { ...; }>, never>, never>, FastOmit<...>>, keyof ExecutionProps> & FastOmit<...> & { ...; }'.
      Property 'isLeft' does not exist on type 'IntrinsicAttributes & FastOmit<Substitute<FastOmit<FastOmit<Substitute<DetailedHTMLProps<HTMLAttributes<HTMLDivElement>, HTMLDivElement>, Omit<...> & { ...; }>, never>, never>, FastOmit<...>>, keyof ExecutionProps> & FastOmit<...> & { ...; }'.
  Overload 2 of 2, '(props: FastOmit<FastOmit<Substitute<DetailedHTMLProps<HTMLAttributes<HTMLDivElement>, HTMLDivElement>, Omit<DetailedHTMLProps<HTMLAttributes<HTMLDivElement>, HTMLDivElement>, "ref"> & { ...; }>, never>, never>): ReactNode', gave the following error.
    Type '{ children: Element; isLeft: boolean; message: string; messageType: string; renderTail: boolean; }' is not assignable to type 'IntrinsicAttributes & FastOmit<FastOmit<Substitute<DetailedHTMLProps<HTMLAttributes<HTMLDivElement>, HTMLDivElement>, Omit<...> & { ...; }>, never>, never>'.
      Property 'isLeft' does not exist on type 'IntrinsicAttributes & FastOmit<FastOmit<Substitute<DetailedHTMLProps<HTMLAttributes<HTMLDivElement>, HTMLDivElement>, Omit<...> & { ...; }>, never>, never>'.
src/components/Message/Bubbles/asdasd.tsx(174,10): error TS2769: No overload matches this call.
  Overload 1 of 2, '(props: PolymorphicComponentProps<"web", FastOmit<FastOmit<Substitute<Omit<FastOmit<DetailedHTMLProps<HTMLAttributes<HTMLSpanElement>, HTMLSpanElement>, "color" | ... 3 more ... | "isSent"> & { ...; }, "ref"> & { ...; }, Omit<...> & { ...; }>, never>, never>, void, void, {}, {}>): Element', gave the following error.
    Property 'size' is missing in type '{ children: string; }' but required in type 'FastOmit<Substitute<FastOmit<FastOmit<Substitute<Omit<FastOmit<DetailedHTMLProps<HTMLAttributes<HTMLSpanElement>, HTMLSpanElement>, "color" | "size" | "weight" | "textType" | "isSent"> & { ...; }, "ref"> & { ...; }, Omit<...> & { ...; }>, never>, never>, FastOmit<...>>, keyof ExecutionProps>'.
  Overload 2 of 2, '(props: FastOmit<FastOmit<Substitute<Omit<FastOmit<DetailedHTMLProps<HTMLAttributes<HTMLSpanElement>, HTMLSpanElement>, "color" | "size" | "weight" | "textType" | "isSent"> & { ...; }, "ref"> & { ...; }, Omit<...> & { ...; }>, never>, never>): ReactNode', gave the following error.
    Property 'size' is missing in type '{ children: string; }' but required in type 'FastOmit<FastOmit<Substitute<Omit<FastOmit<DetailedHTMLProps<HTMLAttributes<HTMLSpanElement>, HTMLSpanElement>, "color" | "size" | "weight" | "textType" | "isSent"> & { ...; }, "ref"> & { ...; }, Omit<...> & { ...; }>, never>, never>'.
src/components/Message/Bubbles/asdasd.tsx(195,7): error TS2769: No overload matches this call.
  Overload 1 of 2, '(props: PolymorphicComponentProps<"web", FastOmit<FastOmit<Substitute<DetailedHTMLProps<HTMLAttributes<HTMLDivElement>, HTMLDivElement>, Omit<DetailedHTMLProps<HTMLAttributes<HTMLDivElement>, HTMLDivElement>, "ref"> & { ...; }>, never>, never>, void, void, {}, {}>): Element', gave the following error.
    Type '{ children: Element[]; isLeft: boolean; messageType: string; message: string; renderTail: true; }' is not assignable to type 'IntrinsicAttributes & FastOmit<Substitute<FastOmit<FastOmit<Substitute<DetailedHTMLProps<HTMLAttributes<HTMLDivElement>, HTMLDivElement>, Omit<...> & { ...; }>, never>, never>, FastOmit<...>>, keyof ExecutionProps> & FastOmit<...> & { ...; }'.
      Property 'isLeft' does not exist on type 'IntrinsicAttributes & FastOmit<Substitute<FastOmit<FastOmit<Substitute<DetailedHTMLProps<HTMLAttributes<HTMLDivElement>, HTMLDivElement>, Omit<...> & { ...; }>, never>, never>, FastOmit<...>>, keyof ExecutionProps> & FastOmit<...> & { ...; }'.
  Overload 2 of 2, '(props: FastOmit<FastOmit<Substitute<DetailedHTMLProps<HTMLAttributes<HTMLDivElement>, HTMLDivElement>, Omit<DetailedHTMLProps<HTMLAttributes<HTMLDivElement>, HTMLDivElement>, "ref"> & { ...; }>, never>, never>): ReactNode', gave the following error.
    Type '{ children: Element[]; isLeft: boolean; messageType: string; message: string; renderTail: true; }' is not assignable to type 'IntrinsicAttributes & FastOmit<FastOmit<Substitute<DetailedHTMLProps<HTMLAttributes<HTMLDivElement>, HTMLDivElement>, Omit<...> & { ...; }>, never>, never>'.
      Property 'isLeft' does not exist on type 'IntrinsicAttributes & FastOmit<FastOmit<Substitute<DetailedHTMLProps<HTMLAttributes<HTMLDivElement>, HTMLDivElement>, Omit<...> & { ...; }>, never>, never>'.
src/components/Message/Bubbles/asdasd.tsx(200,8): error TS2769: No overload matches this call.
  Overload 1 of 2, '(props: PolymorphicComponentProps<"web", FastOmit<FastOmit<Substitute<Omit<FastOmit<DetailedHTMLProps<HTMLAttributes<HTMLSpanElement>, HTMLSpanElement>, "color" | ... 3 more ... | "isSent"> & { ...; }, "ref"> & { ...; }, Omit<...> & { ...; }>, never>, never>, void, void, {}, {}>): Element', gave the following error.
    Property 'size' is missing in type '{ children: string; className: string; style: { gridArea: "username"; }; }' but required in type 'FastOmit<Substitute<FastOmit<FastOmit<Substitute<Omit<FastOmit<DetailedHTMLProps<HTMLAttributes<HTMLSpanElement>, HTMLSpanElement>, "color" | "size" | "weight" | "textType" | "isSent"> & { ...; }, "ref"> & { ...; }, Omit<...> & { ...; }>, never>, never>, FastOmit<...>>, keyof ExecutionProps>'.
  Overload 2 of 2, '(props: FastOmit<FastOmit<Substitute<Omit<FastOmit<DetailedHTMLProps<HTMLAttributes<HTMLSpanElement>, HTMLSpanElement>, "color" | "size" | "weight" | "textType" | "isSent"> & { ...; }, "ref"> & { ...; }, Omit<...> & { ...; }>, never>, never>): ReactNode', gave the following error.
    Property 'size' is missing in type '{ children: string; className: string; style: { gridArea: "username"; }; }' but required in type 'FastOmit<FastOmit<Substitute<Omit<FastOmit<DetailedHTMLProps<HTMLAttributes<HTMLSpanElement>, HTMLSpanElement>, "color" | "size" | "weight" | "textType" | "isSent"> & { ...; }, "ref"> & { ...; }, Omit<...> & { ...; }>, never>, never>'.
src/components/Message/Bubbles/asdasd.tsx(204,8): error TS2769: No overload matches this call.
  Overload 1 of 2, '(props: PolymorphicComponentProps<"web", FastOmit<FastOmit<Substitute<Omit<FastOmit<DetailedHTMLProps<HTMLAttributes<HTMLSpanElement>, HTMLSpanElement>, "color" | ... 3 more ... | "isSent"> & { ...; }, "ref"> & { ...; }, Omit<...> & { ...; }>, never>, never>, void, void, {}, {}>): Element', gave the following error.
    Property 'size' is missing in type '{ children: string; textType: "accent"; className: string; style: { gridArea: "timestamp"; }; }' but required in type 'FastOmit<Substitute<FastOmit<FastOmit<Substitute<Omit<FastOmit<DetailedHTMLProps<HTMLAttributes<HTMLSpanElement>, HTMLSpanElement>, "color" | "size" | "weight" | "textType" | "isSent"> & { ...; }, "ref"> & { ...; }, Omit<...> & { ...; }>, never>, never>, FastOmit<...>>, keyof ExecutionProps>'.
  Overload 2 of 2, '(props: FastOmit<FastOmit<Substitute<Omit<FastOmit<DetailedHTMLProps<HTMLAttributes<HTMLSpanElement>, HTMLSpanElement>, "color" | "size" | "weight" | "textType" | "isSent"> & { ...; }, "ref"> & { ...; }, Omit<...> & { ...; }>, never>, never>): ReactNode', gave the following error.
    Property 'size' is missing in type '{ children: string; textType: "accent"; className: string; style: { gridArea: "timestamp"; }; }' but required in type 'FastOmit<FastOmit<Substitute<Omit<FastOmit<DetailedHTMLProps<HTMLAttributes<HTMLSpanElement>, HTMLSpanElement>, "color" | "size" | "weight" | "textType" | "isSent"> & { ...; }, "ref"> & { ...; }, Omit<...> & { ...; }>, never>, never>'.
src/components/Message/Bubbles/asdasd.tsx(225,13): error TS2769: No overload matches this call.
  Overload 1 of 2, '(props: PolymorphicComponentProps<"web", FastOmit<FastOmit<Substitute<DetailedHTMLProps<HTMLAttributes<HTMLDivElement>, HTMLDivElement>, Omit<DetailedHTMLProps<HTMLAttributes<HTMLDivElement>, HTMLDivElement>, "ref"> & { ...; }>, never>, never>, void, void, {}, {}>): Element', gave the following error.
    Type '{ children: Element[]; isLeft: boolean; messageType: string; message: string; }' is not assignable to type 'IntrinsicAttributes & FastOmit<Substitute<FastOmit<FastOmit<Substitute<DetailedHTMLProps<HTMLAttributes<HTMLDivElement>, HTMLDivElement>, Omit<...> & { ...; }>, never>, never>, FastOmit<...>>, keyof ExecutionProps> & FastOmit<...> & { ...; }'.
      Property 'isLeft' does not exist on type 'IntrinsicAttributes & FastOmit<Substitute<FastOmit<FastOmit<Substitute<DetailedHTMLProps<HTMLAttributes<HTMLDivElement>, HTMLDivElement>, Omit<...> & { ...; }>, never>, never>, FastOmit<...>>, keyof ExecutionProps> & FastOmit<...> & { ...; }'.
  Overload 2 of 2, '(props: FastOmit<FastOmit<Substitute<DetailedHTMLProps<HTMLAttributes<HTMLDivElement>, HTMLDivElement>, Omit<DetailedHTMLProps<HTMLAttributes<HTMLDivElement>, HTMLDivElement>, "ref"> & { ...; }>, never>, never>): ReactNode', gave the following error.
    Type '{ children: Element[]; isLeft: boolean; messageType: string; message: string; }' is not assignable to type 'IntrinsicAttributes & FastOmit<FastOmit<Substitute<DetailedHTMLProps<HTMLAttributes<HTMLDivElement>, HTMLDivElement>, Omit<...> & { ...; }>, never>, never>'.
      Property 'isLeft' does not exist on type 'IntrinsicAttributes & FastOmit<FastOmit<Substitute<DetailedHTMLProps<HTMLAttributes<HTMLDivElement>, HTMLDivElement>, Omit<...> & { ...; }>, never>, never>'.
src/components/Message/Bubbles/asdasd.tsx(226,8): error TS2769: No overload matches this call.
  Overload 1 of 2, '(props: PolymorphicComponentProps<"web", FastOmit<FastOmit<Substitute<Omit<FastOmit<DetailedHTMLProps<HTMLAttributes<HTMLSpanElement>, HTMLSpanElement>, "color" | ... 3 more ... | "isSent"> & { ...; }, "ref"> & { ...; }, Omit<...> & { ...; }>, never>, never>, void, void, {}, {}>): Element', gave the following error.
    Property 'size' is missing in type '{ children: string; className: string; style: { gridArea: "username"; }; }' but required in type 'FastOmit<Substitute<FastOmit<FastOmit<Substitute<Omit<FastOmit<DetailedHTMLProps<HTMLAttributes<HTMLSpanElement>, HTMLSpanElement>, "color" | "size" | "weight" | "textType" | "isSent"> & { ...; }, "ref"> & { ...; }, Omit<...> & { ...; }>, never>, never>, FastOmit<...>>, keyof ExecutionProps>'.
  Overload 2 of 2, '(props: FastOmit<FastOmit<Substitute<Omit<FastOmit<DetailedHTMLProps<HTMLAttributes<HTMLSpanElement>, HTMLSpanElement>, "color" | "size" | "weight" | "textType" | "isSent"> & { ...; }, "ref"> & { ...; }, Omit<...> & { ...; }>, never>, never>): ReactNode', gave the following error.
    Property 'size' is missing in type '{ children: string; className: string; style: { gridArea: "username"; }; }' but required in type 'FastOmit<FastOmit<Substitute<Omit<FastOmit<DetailedHTMLProps<HTMLAttributes<HTMLSpanElement>, HTMLSpanElement>, "color" | "size" | "weight" | "textType" | "isSent"> & { ...; }, "ref"> & { ...; }, Omit<...> & { ...; }>, never>, never>'.
src/components/Message/Bubbles/asdasd.tsx(230,8): error TS2769: No overload matches this call.
  Overload 1 of 2, '(props: PolymorphicComponentProps<"web", FastOmit<FastOmit<Substitute<Omit<FastOmit<DetailedHTMLProps<HTMLAttributes<HTMLSpanElement>, HTMLSpanElement>, "color" | ... 3 more ... | "isSent"> & { ...; }, "ref"> & { ...; }, Omit<...> & { ...; }>, never>, never>, void, void, {}, {}>): Element', gave the following error.
    Property 'size' is missing in type '{ children: string; textType: "accent"; className: string; style: { gridArea: "timestamp"; }; }' but required in type 'FastOmit<Substitute<FastOmit<FastOmit<Substitute<Omit<FastOmit<DetailedHTMLProps<HTMLAttributes<HTMLSpanElement>, HTMLSpanElement>, "color" | "size" | "weight" | "textType" | "isSent"> & { ...; }, "ref"> & { ...; }, Omit<...> & { ...; }>, never>, never>, FastOmit<...>>, keyof ExecutionProps>'.
  Overload 2 of 2, '(props: FastOmit<FastOmit<Substitute<Omit<FastOmit<DetailedHTMLProps<HTMLAttributes<HTMLSpanElement>, HTMLSpanElement>, "color" | "size" | "weight" | "textType" | "isSent"> & { ...; }, "ref"> & { ...; }, Omit<...> & { ...; }>, never>, never>): ReactNode', gave the following error.
    Property 'size' is missing in type '{ children: string; textType: "accent"; className: string; style: { gridArea: "timestamp"; }; }' but required in type 'FastOmit<FastOmit<Substitute<Omit<FastOmit<DetailedHTMLProps<HTMLAttributes<HTMLSpanElement>, HTMLSpanElement>, "color" | "size" | "weight" | "textType" | "isSent"> & { ...; }, "ref"> & { ...; }, Omit<...> & { ...; }>, never>, never>'.
src/components/Message/Bubbles/asdasd.tsx(251,8): error TS2769: No overload matches this call.
  Overload 1 of 2, '(props: PolymorphicComponentProps<"web", FastOmit<FastOmit<Substitute<Omit<FastOmit<DetailedHTMLProps<HTMLAttributes<HTMLSpanElement>, HTMLSpanElement>, "color" | ... 3 more ... | "isSent"> & { ...; }, "ref"> & { ...; }, Omit<...> & { ...; }>, never>, never>, void, void, {}, {}>): Element', gave the following error.
    Property 'size' is missing in type '{ children: Element; }' but required in type 'FastOmit<Substitute<FastOmit<FastOmit<Substitute<Omit<FastOmit<DetailedHTMLProps<HTMLAttributes<HTMLSpanElement>, HTMLSpanElement>, "color" | "size" | "weight" | "textType" | "isSent"> & { ...; }, "ref"> & { ...; }, Omit<...> & { ...; }>, never>, never>, FastOmit<...>>, keyof ExecutionProps>'.
  Overload 2 of 2, '(props: FastOmit<FastOmit<Substitute<Omit<FastOmit<DetailedHTMLProps<HTMLAttributes<HTMLSpanElement>, HTMLSpanElement>, "color" | "size" | "weight" | "textType" | "isSent"> & { ...; }, "ref"> & { ...; }, Omit<...> & { ...; }>, never>, never>): ReactNode', gave the following error.
    Property 'size' is missing in type '{ children: Element; }' but required in type 'FastOmit<FastOmit<Substitute<Omit<FastOmit<DetailedHTMLProps<HTMLAttributes<HTMLSpanElement>, HTMLSpanElement>, "color" | "size" | "weight" | "textType" | "isSent"> & { ...; }, "ref"> & { ...; }, Omit<...> & { ...; }>, never>, never>'.
src/components/Message/Bubbles/bkp.tsx(1,23): error TS6133: 'keyframes' is declared but its value is never read.
src/components/Message/Bubbles/bkp.tsx(60,24): error TS6133: 'isLeft' is declared but its value is never read.
src/components/Message/Bubbles/bkp.tsx(142,8): error TS2769: No overload matches this call.
  Overload 1 of 2, '(props: PolymorphicComponentProps<"web", FastOmit<FastOmit<Substitute<Omit<FastOmit<DetailedHTMLProps<HTMLAttributes<HTMLSpanElement>, HTMLSpanElement>, "color" | ... 3 more ... | "isSent"> & { ...; }, "ref"> & { ...; }, Omit<...> & { ...; }>, never>, never>, void, void, {}, {}>): Element', gave the following error.
    Property 'size' is missing in type '{ children: string | null; color: string; className: string; style: { gridArea: "username"; }; }' but required in type 'FastOmit<Substitute<FastOmit<FastOmit<Substitute<Omit<FastOmit<DetailedHTMLProps<HTMLAttributes<HTMLSpanElement>, HTMLSpanElement>, "color" | "size" | "weight" | "textType" | "isSent"> & { ...; }, "ref"> & { ...; }, Omit<...> & { ...; }>, never>, never>, FastOmit<...>>, keyof ExecutionProps>'.
  Overload 2 of 2, '(props: FastOmit<FastOmit<Substitute<Omit<FastOmit<DetailedHTMLProps<HTMLAttributes<HTMLSpanElement>, HTMLSpanElement>, "color" | "size" | "weight" | "textType" | "isSent"> & { ...; }, "ref"> & { ...; }, Omit<...> & { ...; }>, never>, never>): ReactNode', gave the following error.
    Property 'size' is missing in type '{ children: string | null; color: string; className: string; style: { gridArea: "username"; }; }' but required in type 'FastOmit<FastOmit<Substitute<Omit<FastOmit<DetailedHTMLProps<HTMLAttributes<HTMLSpanElement>, HTMLSpanElement>, "color" | "size" | "weight" | "textType" | "isSent"> & { ...; }, "ref"> & { ...; }, Omit<...> & { ...; }>, never>, never>'.
src/components/Message/Bubbles/bkp.tsx(149,8): error TS2769: No overload matches this call.
  Overload 1 of 2, '(props: PolymorphicComponentProps<"web", FastOmit<FastOmit<Substitute<Omit<FastOmit<DetailedHTMLProps<HTMLAttributes<HTMLSpanElement>, HTMLSpanElement>, "color" | ... 3 more ... | "isSent"> & { ...; }, "ref"> & { ...; }, Omit<...> & { ...; }>, never>, never>, void, void, {}, {}>): Element', gave the following error.
    Property 'size' is missing in type '{ children: string; className: string; style: { gridArea: "message"; }; }' but required in type 'FastOmit<Substitute<FastOmit<FastOmit<Substitute<Omit<FastOmit<DetailedHTMLProps<HTMLAttributes<HTMLSpanElement>, HTMLSpanElement>, "color" | "size" | "weight" | "textType" | "isSent"> & { ...; }, "ref"> & { ...; }, Omit<...> & { ...; }>, never>, never>, FastOmit<...>>, keyof ExecutionProps>'.
  Overload 2 of 2, '(props: FastOmit<FastOmit<Substitute<Omit<FastOmit<DetailedHTMLProps<HTMLAttributes<HTMLSpanElement>, HTMLSpanElement>, "color" | "size" | "weight" | "textType" | "isSent"> & { ...; }, "ref"> & { ...; }, Omit<...> & { ...; }>, never>, never>): ReactNode', gave the following error.
    Property 'size' is missing in type '{ children: string; className: string; style: { gridArea: "message"; }; }' but required in type 'FastOmit<FastOmit<Substitute<Omit<FastOmit<DetailedHTMLProps<HTMLAttributes<HTMLSpanElement>, HTMLSpanElement>, "color" | "size" | "weight" | "textType" | "isSent"> & { ...; }, "ref"> & { ...; }, Omit<...> & { ...; }>, never>, never>'.
src/components/Message/Bubbles/bkp.tsx(152,8): error TS2769: No overload matches this call.
  Overload 1 of 2, '(props: PolymorphicComponentProps<"web", FastOmit<FastOmit<Substitute<Omit<FastOmit<DetailedHTMLProps<HTMLAttributes<HTMLSpanElement>, HTMLSpanElement>, "color" | ... 3 more ... | "isSent"> & { ...; }, "ref"> & { ...; }, Omit<...> & { ...; }>, never>, never>, void, void, {}, {}>): Element', gave the following error.
    Property 'size' is missing in type '{ children: string; textType: "accent"; className: string; style: { gridArea: "timestamp"; }; }' but required in type 'FastOmit<Substitute<FastOmit<FastOmit<Substitute<Omit<FastOmit<DetailedHTMLProps<HTMLAttributes<HTMLSpanElement>, HTMLSpanElement>, "color" | "size" | "weight" | "textType" | "isSent"> & { ...; }, "ref"> & { ...; }, Omit<...> & { ...; }>, never>, never>, FastOmit<...>>, keyof ExecutionProps>'.
  Overload 2 of 2, '(props: FastOmit<FastOmit<Substitute<Omit<FastOmit<DetailedHTMLProps<HTMLAttributes<HTMLSpanElement>, HTMLSpanElement>, "color" | "size" | "weight" | "textType" | "isSent"> & { ...; }, "ref"> & { ...; }, Omit<...> & { ...; }>, never>, never>): ReactNode', gave the following error.
    Property 'size' is missing in type '{ children: string; textType: "accent"; className: string; style: { gridArea: "timestamp"; }; }' but required in type 'FastOmit<FastOmit<Substitute<Omit<FastOmit<DetailedHTMLProps<HTMLAttributes<HTMLSpanElement>, HTMLSpanElement>, "color" | "size" | "weight" | "textType" | "isSent"> & { ...; }, "ref"> & { ...; }, Omit<...> & { ...; }>, never>, never>'.
src/components/Message/Bubbles/bkp.tsx(183,8): error TS2769: No overload matches this call.
  Overload 1 of 2, '(props: PolymorphicComponentProps<"web", FastOmit<FastOmit<Substitute<Omit<FastOmit<DetailedHTMLProps<HTMLAttributes<HTMLSpanElement>, HTMLSpanElement>, "color" | ... 3 more ... | "isSent"> & { ...; }, "ref"> & { ...; }, Omit<...> & { ...; }>, never>, never>, void, void, {}, {}>): Element', gave the following error.
    Property 'size' is missing in type '{ children: string; className: string; style: { gridArea: "username"; }; }' but required in type 'FastOmit<Substitute<FastOmit<FastOmit<Substitute<Omit<FastOmit<DetailedHTMLProps<HTMLAttributes<HTMLSpanElement>, HTMLSpanElement>, "color" | "size" | "weight" | "textType" | "isSent"> & { ...; }, "ref"> & { ...; }, Omit<...> & { ...; }>, never>, never>, FastOmit<...>>, keyof ExecutionProps>'.
  Overload 2 of 2, '(props: FastOmit<FastOmit<Substitute<Omit<FastOmit<DetailedHTMLProps<HTMLAttributes<HTMLSpanElement>, HTMLSpanElement>, "color" | "size" | "weight" | "textType" | "isSent"> & { ...; }, "ref"> & { ...; }, Omit<...> & { ...; }>, never>, never>): ReactNode', gave the following error.
    Property 'size' is missing in type '{ children: string; className: string; style: { gridArea: "username"; }; }' but required in type 'FastOmit<FastOmit<Substitute<Omit<FastOmit<DetailedHTMLProps<HTMLAttributes<HTMLSpanElement>, HTMLSpanElement>, "color" | "size" | "weight" | "textType" | "isSent"> & { ...; }, "ref"> & { ...; }, Omit<...> & { ...; }>, never>, never>'.
src/components/Message/Bubbles/bkp.tsx(187,8): error TS2769: No overload matches this call.
  Overload 1 of 2, '(props: PolymorphicComponentProps<"web", FastOmit<FastOmit<Substitute<Omit<FastOmit<DetailedHTMLProps<HTMLAttributes<HTMLSpanElement>, HTMLSpanElement>, "color" | ... 3 more ... | "isSent"> & { ...; }, "ref"> & { ...; }, Omit<...> & { ...; }>, never>, never>, void, void, {}, {}>): Element', gave the following error.
    Property 'size' is missing in type '{ children: string; textType: "accent"; className: string; style: { gridArea: "timestamp"; }; }' but required in type 'FastOmit<Substitute<FastOmit<FastOmit<Substitute<Omit<FastOmit<DetailedHTMLProps<HTMLAttributes<HTMLSpanElement>, HTMLSpanElement>, "color" | "size" | "weight" | "textType" | "isSent"> & { ...; }, "ref"> & { ...; }, Omit<...> & { ...; }>, never>, never>, FastOmit<...>>, keyof ExecutionProps>'.
  Overload 2 of 2, '(props: FastOmit<FastOmit<Substitute<Omit<FastOmit<DetailedHTMLProps<HTMLAttributes<HTMLSpanElement>, HTMLSpanElement>, "color" | "size" | "weight" | "textType" | "isSent"> & { ...; }, "ref"> & { ...; }, Omit<...> & { ...; }>, never>, never>): ReactNode', gave the following error.
    Property 'size' is missing in type '{ children: string; textType: "accent"; className: string; style: { gridArea: "timestamp"; }; }' but required in type 'FastOmit<FastOmit<Substitute<Omit<FastOmit<DetailedHTMLProps<HTMLAttributes<HTMLSpanElement>, HTMLSpanElement>, "color" | "size" | "weight" | "textType" | "isSent"> & { ...; }, "ref"> & { ...; }, Omit<...> & { ...; }>, never>, never>'.
src/components/Message/Bubbles/bkp.tsx(209,8): error TS2769: No overload matches this call.
  Overload 1 of 2, '(props: PolymorphicComponentProps<"web", FastOmit<FastOmit<Substitute<Omit<FastOmit<DetailedHTMLProps<HTMLAttributes<HTMLSpanElement>, HTMLSpanElement>, "color" | ... 3 more ... | "isSent"> & { ...; }, "ref"> & { ...; }, Omit<...> & { ...; }>, never>, never>, void, void, {}, {}>): Element', gave the following error.
    Property 'size' is missing in type '{ children: string; className: string; style: { gridArea: "username"; }; }' but required in type 'FastOmit<Substitute<FastOmit<FastOmit<Substitute<Omit<FastOmit<DetailedHTMLProps<HTMLAttributes<HTMLSpanElement>, HTMLSpanElement>, "color" | "size" | "weight" | "textType" | "isSent"> & { ...; }, "ref"> & { ...; }, Omit<...> & { ...; }>, never>, never>, FastOmit<...>>, keyof ExecutionProps>'.
  Overload 2 of 2, '(props: FastOmit<FastOmit<Substitute<Omit<FastOmit<DetailedHTMLProps<HTMLAttributes<HTMLSpanElement>, HTMLSpanElement>, "color" | "size" | "weight" | "textType" | "isSent"> & { ...; }, "ref"> & { ...; }, Omit<...> & { ...; }>, never>, never>): ReactNode', gave the following error.
    Property 'size' is missing in type '{ children: string; className: string; style: { gridArea: "username"; }; }' but required in type 'FastOmit<FastOmit<Substitute<Omit<FastOmit<DetailedHTMLProps<HTMLAttributes<HTMLSpanElement>, HTMLSpanElement>, "color" | "size" | "weight" | "textType" | "isSent"> & { ...; }, "ref"> & { ...; }, Omit<...> & { ...; }>, never>, never>'.
src/components/Message/Bubbles/bkp.tsx(213,8): error TS2769: No overload matches this call.
  Overload 1 of 2, '(props: PolymorphicComponentProps<"web", FastOmit<FastOmit<Substitute<Omit<FastOmit<DetailedHTMLProps<HTMLAttributes<HTMLSpanElement>, HTMLSpanElement>, "color" | ... 3 more ... | "isSent"> & { ...; }, "ref"> & { ...; }, Omit<...> & { ...; }>, never>, never>, void, void, {}, {}>): Element', gave the following error.
    Property 'size' is missing in type '{ children: string; textType: "accent"; className: string; style: { gridArea: "timestamp"; }; }' but required in type 'FastOmit<Substitute<FastOmit<FastOmit<Substitute<Omit<FastOmit<DetailedHTMLProps<HTMLAttributes<HTMLSpanElement>, HTMLSpanElement>, "color" | "size" | "weight" | "textType" | "isSent"> & { ...; }, "ref"> & { ...; }, Omit<...> & { ...; }>, never>, never>, FastOmit<...>>, keyof ExecutionProps>'.
  Overload 2 of 2, '(props: FastOmit<FastOmit<Substitute<Omit<FastOmit<DetailedHTMLProps<HTMLAttributes<HTMLSpanElement>, HTMLSpanElement>, "color" | "size" | "weight" | "textType" | "isSent"> & { ...; }, "ref"> & { ...; }, Omit<...> & { ...; }>, never>, never>): ReactNode', gave the following error.
    Property 'size' is missing in type '{ children: string; textType: "accent"; className: string; style: { gridArea: "timestamp"; }; }' but required in type 'FastOmit<FastOmit<Substitute<Omit<FastOmit<DetailedHTMLProps<HTMLAttributes<HTMLSpanElement>, HTMLSpanElement>, "color" | "size" | "weight" | "textType" | "isSent"> & { ...; }, "ref"> & { ...; }, Omit<...> & { ...; }>, never>, never>'.
src/components/Message/Bubbles/bkp.tsx(234,8): error TS2769: No overload matches this call.
  Overload 1 of 2, '(props: PolymorphicComponentProps<"web", FastOmit<FastOmit<Substitute<Omit<FastOmit<DetailedHTMLProps<HTMLAttributes<HTMLSpanElement>, HTMLSpanElement>, "color" | ... 3 more ... | "isSent"> & { ...; }, "ref"> & { ...; }, Omit<...> & { ...; }>, never>, never>, void, void, {}, {}>): Element', gave the following error.
    Property 'size' is missing in type '{ children: Element; }' but required in type 'FastOmit<Substitute<FastOmit<FastOmit<Substitute<Omit<FastOmit<DetailedHTMLProps<HTMLAttributes<HTMLSpanElement>, HTMLSpanElement>, "color" | "size" | "weight" | "textType" | "isSent"> & { ...; }, "ref"> & { ...; }, Omit<...> & { ...; }>, never>, never>, FastOmit<...>>, keyof ExecutionProps>'.
  Overload 2 of 2, '(props: FastOmit<FastOmit<Substitute<Omit<FastOmit<DetailedHTMLProps<HTMLAttributes<HTMLSpanElement>, HTMLSpanElement>, "color" | "size" | "weight" | "textType" | "isSent"> & { ...; }, "ref"> & { ...; }, Omit<...> & { ...; }>, never>, never>): ReactNode', gave the following error.
    Property 'size' is missing in type '{ children: Element; }' but required in type 'FastOmit<FastOmit<Substitute<Omit<FastOmit<DetailedHTMLProps<HTMLAttributes<HTMLSpanElement>, HTMLSpanElement>, "color" | "size" | "weight" | "textType" | "isSent"> & { ...; }, "ref"> & { ...; }, Omit<...> & { ...; }>, never>, never>'.
src/components/Message/Bubbles/index.tsx(135,44): error TS2345: Argument of type '(props: {    isLeft: boolean;}) => { isLeft: boolean; }' is not assignable to parameter of type 'Attrs<FastOmit<Omit<FastOmit<DetailedHTMLProps<HTMLAttributes<HTMLDivElement>, HTMLDivElement>, "gap" | "column"> & { ...; }, "ref"> & { ...; }, never>>'.
  Type '(props: {    isLeft: boolean;}) => { isLeft: boolean; }' is not assignable to type '(props: ExecutionContext & FastOmit<Omit<FastOmit<DetailedHTMLProps<HTMLAttributes<HTMLDivElement>, HTMLDivElement>, "gap" | "column"> & { ...; }, "ref"> & { ...; }, never>) => ExecutionProps & Partial<...>'.
    Types of parameters 'props' and 'props' are incompatible.
      Property 'isLeft' is missing in type 'ExecutionContext & FastOmit<Omit<FastOmit<DetailedHTMLProps<HTMLAttributes<HTMLDivElement>, HTMLDivElement>, "gap" | "column"> & { ...; }, "ref"> & { ...; }, never>' but required in type '{ isLeft: boolean; }'.
src/components/Message/Bubbles/index.tsx(140,11): error TS2339: Property 'isLeft' does not exist on type 'ExecutionContext & FastOmit<FastOmit<Substitute<Omit<FastOmit<DetailedHTMLProps<HTMLAttributes<HTMLDivElement>, HTMLDivElement>, "gap" | "column"> & { ...; }, "ref"> & { ...; }, Omit<...> & { ...; }>, never>, never>'.
src/components/Message/Bubbles/index.tsx(167,20): error TS2769: No overload matches this call.
  Overload 1 of 2, '(props: PolymorphicComponentProps<"web", FastOmit<FastOmit<Substitute<Omit<FastOmit<DetailedHTMLProps<HTMLAttributes<HTMLDivElement>, HTMLDivElement>, "gap" | "column"> & { ...; }, "ref"> & { ...; }, Omit<...> & { ...; }>, never>, never>, void, void, {}, {}>): Element', gave the following error.
    Type '{ children: Element[]; gap: number; isLeft: boolean; }' is not assignable to type 'IntrinsicAttributes & FastOmit<Substitute<FastOmit<FastOmit<Substitute<Omit<FastOmit<DetailedHTMLProps<HTMLAttributes<HTMLDivElement>, HTMLDivElement>, "gap" | "column"> & { ...; }, "ref"> & { ...; }, Omit<...> & { ...; }>, never>, never>, FastOmit<...>>, keyof ExecutionProps> & FastOmit<...> & { ...; }'.
      Property 'isLeft' does not exist on type 'IntrinsicAttributes & FastOmit<Substitute<FastOmit<FastOmit<Substitute<Omit<FastOmit<DetailedHTMLProps<HTMLAttributes<HTMLDivElement>, HTMLDivElement>, "gap" | "column"> & { ...; }, "ref"> & { ...; }, Omit<...> & { ...; }>, never>, never>, FastOmit<...>>, keyof ExecutionProps> & FastOmit<...> & { ...; }'.
  Overload 2 of 2, '(props: FastOmit<FastOmit<Substitute<Omit<FastOmit<DetailedHTMLProps<HTMLAttributes<HTMLDivElement>, HTMLDivElement>, "gap" | "column"> & { ...; }, "ref"> & { ...; }, Omit<...> & { ...; }>, never>, never>): ReactNode', gave the following error.
    Type '{ children: Element[]; gap: number; isLeft: boolean; }' is not assignable to type 'IntrinsicAttributes & FastOmit<FastOmit<Substitute<Omit<FastOmit<DetailedHTMLProps<HTMLAttributes<HTMLDivElement>, HTMLDivElement>, "gap" | "column"> & { ...; }, "ref"> & { ...; }, Omit<...> & { ...; }>, never>, never>'.
      Property 'isLeft' does not exist on type 'IntrinsicAttributes & FastOmit<FastOmit<Substitute<Omit<FastOmit<DetailedHTMLProps<HTMLAttributes<HTMLDivElement>, HTMLDivElement>, "gap" | "column"> & { ...; }, "ref"> & { ...; }, Omit<...> & { ...; }>, never>, never>'.
src/components/Message/Bubbles/index.tsx(168,12): error TS2769: No overload matches this call.
  Overload 1 of 2, '(props: PolymorphicComponentProps<"web", FastOmit<FastOmit<Substitute<Omit<FastOmit<DetailedHTMLProps<HTMLAttributes<HTMLSpanElement>, HTMLSpanElement>, "color" | ... 3 more ... | "isSent"> & { ...; }, "ref"> & { ...; }, Omit<...> & { ...; }>, never>, never>, void, void, {}, {}>): Element', gave the following error.
    Property 'size' is missing in type '{ children: string; color: string; className: string; style: { gridArea: "username"; }; weight: "bold"; }' but required in type 'FastOmit<Substitute<FastOmit<FastOmit<Substitute<Omit<FastOmit<DetailedHTMLProps<HTMLAttributes<HTMLSpanElement>, HTMLSpanElement>, "color" | "size" | "weight" | "textType" | "isSent"> & { ...; }, "ref"> & { ...; }, Omit<...> & { ...; }>, never>, never>, FastOmit<...>>, keyof ExecutionProps>'.
  Overload 2 of 2, '(props: FastOmit<FastOmit<Substitute<Omit<FastOmit<DetailedHTMLProps<HTMLAttributes<HTMLSpanElement>, HTMLSpanElement>, "color" | "size" | "weight" | "textType" | "isSent"> & { ...; }, "ref"> & { ...; }, Omit<...> & { ...; }>, never>, never>): ReactNode', gave the following error.
    Property 'size' is missing in type '{ children: string; color: string; className: string; style: { gridArea: "username"; }; weight: "bold"; }' but required in type 'FastOmit<FastOmit<Substitute<Omit<FastOmit<DetailedHTMLProps<HTMLAttributes<HTMLSpanElement>, HTMLSpanElement>, "color" | "size" | "weight" | "textType" | "isSent"> & { ...; }, "ref"> & { ...; }, Omit<...> & { ...; }>, never>, never>'.
src/components/Message/Bubbles/index.tsx(177,12): error TS2769: No overload matches this call.
  Overload 1 of 2, '(props: PolymorphicComponentProps<"web", FastOmit<FastOmit<Substitute<Omit<FastOmit<DetailedHTMLProps<HTMLAttributes<HTMLSpanElement>, HTMLSpanElement>, "color" | ... 3 more ... | "isSent"> & { ...; }, "ref"> & { ...; }, Omit<...> & { ...; }>, never>, never>, void, void, {}, {}>): Element', gave the following error.
    Property 'size' is missing in type '{ children: string; textType: "accent"; className: string; style: { gridArea: "timestamp"; }; weight: "bold"; }' but required in type 'FastOmit<Substitute<FastOmit<FastOmit<Substitute<Omit<FastOmit<DetailedHTMLProps<HTMLAttributes<HTMLSpanElement>, HTMLSpanElement>, "color" | "size" | "weight" | "textType" | "isSent"> & { ...; }, "ref"> & { ...; }, Omit<...> & { ...; }>, never>, never>, FastOmit<...>>, keyof ExecutionProps>'.
  Overload 2 of 2, '(props: FastOmit<FastOmit<Substitute<Omit<FastOmit<DetailedHTMLProps<HTMLAttributes<HTMLSpanElement>, HTMLSpanElement>, "color" | "size" | "weight" | "textType" | "isSent"> & { ...; }, "ref"> & { ...; }, Omit<...> & { ...; }>, never>, never>): ReactNode', gave the following error.
    Property 'size' is missing in type '{ children: string; textType: "accent"; className: string; style: { gridArea: "timestamp"; }; weight: "bold"; }' but required in type 'FastOmit<FastOmit<Substitute<Omit<FastOmit<DetailedHTMLProps<HTMLAttributes<HTMLSpanElement>, HTMLSpanElement>, "color" | "size" | "weight" | "textType" | "isSent"> & { ...; }, "ref"> & { ...; }, Omit<...> & { ...; }>, never>, never>'.
src/components/Message/Bubbles/index.tsx(194,10): error TS2769: No overload matches this call.
  Overload 1 of 2, '(props: PolymorphicComponentProps<"web", FastOmit<FastOmit<Substitute<Omit<FastOmit<DetailedHTMLProps<HTMLAttributes<HTMLSpanElement>, HTMLSpanElement>, "color" | ... 3 more ... | "isSent"> & { ...; }, "ref"> & { ...; }, Omit<...> & { ...; }>, never>, never>, void, void, {}, {}>): Element', gave the following error.
    Property 'size' is missing in type '{ children: string; className: string; style: { gridArea: "message"; }; }' but required in type 'FastOmit<Substitute<FastOmit<FastOmit<Substitute<Omit<FastOmit<DetailedHTMLProps<HTMLAttributes<HTMLSpanElement>, HTMLSpanElement>, "color" | "size" | "weight" | "textType" | "isSent"> & { ...; }, "ref"> & { ...; }, Omit<...> & { ...; }>, never>, never>, FastOmit<...>>, keyof ExecutionProps>'.
  Overload 2 of 2, '(props: FastOmit<FastOmit<Substitute<Omit<FastOmit<DetailedHTMLProps<HTMLAttributes<HTMLSpanElement>, HTMLSpanElement>, "color" | "size" | "weight" | "textType" | "isSent"> & { ...; }, "ref"> & { ...; }, Omit<...> & { ...; }>, never>, never>): ReactNode', gave the following error.
    Property 'size' is missing in type '{ children: string; className: string; style: { gridArea: "message"; }; }' but required in type 'FastOmit<FastOmit<Substitute<Omit<FastOmit<DetailedHTMLProps<HTMLAttributes<HTMLSpanElement>, HTMLSpanElement>, "color" | "size" | "weight" | "textType" | "isSent"> & { ...; }, "ref"> & { ...; }, Omit<...> & { ...; }>, never>, never>'.
src/components/Message/Bubbles/index.tsx(222,8): error TS2769: No overload matches this call.
  Overload 1 of 2, '(props: PolymorphicComponentProps<"web", FastOmit<FastOmit<Substitute<Omit<FastOmit<DetailedHTMLProps<HTMLAttributes<HTMLSpanElement>, HTMLSpanElement>, "color" | ... 3 more ... | "isSent"> & { ...; }, "ref"> & { ...; }, Omit<...> & { ...; }>, never>, never>, void, void, {}, {}>): Element', gave the following error.
    Property 'size' is missing in type '{ children: string; className: string; style: { gridArea: "username"; }; }' but required in type 'FastOmit<Substitute<FastOmit<FastOmit<Substitute<Omit<FastOmit<DetailedHTMLProps<HTMLAttributes<HTMLSpanElement>, HTMLSpanElement>, "color" | "size" | "weight" | "textType" | "isSent"> & { ...; }, "ref"> & { ...; }, Omit<...> & { ...; }>, never>, never>, FastOmit<...>>, keyof ExecutionProps>'.
  Overload 2 of 2, '(props: FastOmit<FastOmit<Substitute<Omit<FastOmit<DetailedHTMLProps<HTMLAttributes<HTMLSpanElement>, HTMLSpanElement>, "color" | "size" | "weight" | "textType" | "isSent"> & { ...; }, "ref"> & { ...; }, Omit<...> & { ...; }>, never>, never>): ReactNode', gave the following error.
    Property 'size' is missing in type '{ children: string; className: string; style: { gridArea: "username"; }; }' but required in type 'FastOmit<FastOmit<Substitute<Omit<FastOmit<DetailedHTMLProps<HTMLAttributes<HTMLSpanElement>, HTMLSpanElement>, "color" | "size" | "weight" | "textType" | "isSent"> & { ...; }, "ref"> & { ...; }, Omit<...> & { ...; }>, never>, never>'.
src/components/Message/Bubbles/index.tsx(226,8): error TS2769: No overload matches this call.
  Overload 1 of 2, '(props: PolymorphicComponentProps<"web", FastOmit<FastOmit<Substitute<Omit<FastOmit<DetailedHTMLProps<HTMLAttributes<HTMLSpanElement>, HTMLSpanElement>, "color" | ... 3 more ... | "isSent"> & { ...; }, "ref"> & { ...; }, Omit<...> & { ...; }>, never>, never>, void, void, {}, {}>): Element', gave the following error.
    Property 'size' is missing in type '{ children: string; textType: "accent"; className: string; style: { gridArea: "timestamp"; }; }' but required in type 'FastOmit<Substitute<FastOmit<FastOmit<Substitute<Omit<FastOmit<DetailedHTMLProps<HTMLAttributes<HTMLSpanElement>, HTMLSpanElement>, "color" | "size" | "weight" | "textType" | "isSent"> & { ...; }, "ref"> & { ...; }, Omit<...> & { ...; }>, never>, never>, FastOmit<...>>, keyof ExecutionProps>'.
  Overload 2 of 2, '(props: FastOmit<FastOmit<Substitute<Omit<FastOmit<DetailedHTMLProps<HTMLAttributes<HTMLSpanElement>, HTMLSpanElement>, "color" | "size" | "weight" | "textType" | "isSent"> & { ...; }, "ref"> & { ...; }, Omit<...> & { ...; }>, never>, never>): ReactNode', gave the following error.
    Property 'size' is missing in type '{ children: string; textType: "accent"; className: string; style: { gridArea: "timestamp"; }; }' but required in type 'FastOmit<FastOmit<Substitute<Omit<FastOmit<DetailedHTMLProps<HTMLAttributes<HTMLSpanElement>, HTMLSpanElement>, "color" | "size" | "weight" | "textType" | "isSent"> & { ...; }, "ref"> & { ...; }, Omit<...> & { ...; }>, never>, never>'.
src/components/Message/Bubbles/index.tsx(248,8): error TS2769: No overload matches this call.
  Overload 1 of 2, '(props: PolymorphicComponentProps<"web", FastOmit<FastOmit<Substitute<Omit<FastOmit<DetailedHTMLProps<HTMLAttributes<HTMLSpanElement>, HTMLSpanElement>, "color" | ... 3 more ... | "isSent"> & { ...; }, "ref"> & { ...; }, Omit<...> & { ...; }>, never>, never>, void, void, {}, {}>): Element', gave the following error.
    Property 'size' is missing in type '{ children: string; className: string; style: { gridArea: "username"; }; }' but required in type 'FastOmit<Substitute<FastOmit<FastOmit<Substitute<Omit<FastOmit<DetailedHTMLProps<HTMLAttributes<HTMLSpanElement>, HTMLSpanElement>, "color" | "size" | "weight" | "textType" | "isSent"> & { ...; }, "ref"> & { ...; }, Omit<...> & { ...; }>, never>, never>, FastOmit<...>>, keyof ExecutionProps>'.
  Overload 2 of 2, '(props: FastOmit<FastOmit<Substitute<Omit<FastOmit<DetailedHTMLProps<HTMLAttributes<HTMLSpanElement>, HTMLSpanElement>, "color" | "size" | "weight" | "textType" | "isSent"> & { ...; }, "ref"> & { ...; }, Omit<...> & { ...; }>, never>, never>): ReactNode', gave the following error.
    Property 'size' is missing in type '{ children: string; className: string; style: { gridArea: "username"; }; }' but required in type 'FastOmit<FastOmit<Substitute<Omit<FastOmit<DetailedHTMLProps<HTMLAttributes<HTMLSpanElement>, HTMLSpanElement>, "color" | "size" | "weight" | "textType" | "isSent"> & { ...; }, "ref"> & { ...; }, Omit<...> & { ...; }>, never>, never>'.
src/components/Message/Bubbles/index.tsx(252,8): error TS2769: No overload matches this call.
  Overload 1 of 2, '(props: PolymorphicComponentProps<"web", FastOmit<FastOmit<Substitute<Omit<FastOmit<DetailedHTMLProps<HTMLAttributes<HTMLSpanElement>, HTMLSpanElement>, "color" | ... 3 more ... | "isSent"> & { ...; }, "ref"> & { ...; }, Omit<...> & { ...; }>, never>, never>, void, void, {}, {}>): Element', gave the following error.
    Property 'size' is missing in type '{ children: string; textType: "accent"; className: string; style: { gridArea: "timestamp"; }; }' but required in type 'FastOmit<Substitute<FastOmit<FastOmit<Substitute<Omit<FastOmit<DetailedHTMLProps<HTMLAttributes<HTMLSpanElement>, HTMLSpanElement>, "color" | "size" | "weight" | "textType" | "isSent"> & { ...; }, "ref"> & { ...; }, Omit<...> & { ...; }>, never>, never>, FastOmit<...>>, keyof ExecutionProps>'.
  Overload 2 of 2, '(props: FastOmit<FastOmit<Substitute<Omit<FastOmit<DetailedHTMLProps<HTMLAttributes<HTMLSpanElement>, HTMLSpanElement>, "color" | "size" | "weight" | "textType" | "isSent"> & { ...; }, "ref"> & { ...; }, Omit<...> & { ...; }>, never>, never>): ReactNode', gave the following error.
    Property 'size' is missing in type '{ children: string; textType: "accent"; className: string; style: { gridArea: "timestamp"; }; }' but required in type 'FastOmit<FastOmit<Substitute<Omit<FastOmit<DetailedHTMLProps<HTMLAttributes<HTMLSpanElement>, HTMLSpanElement>, "color" | "size" | "weight" | "textType" | "isSent"> & { ...; }, "ref"> & { ...; }, Omit<...> & { ...; }>, never>, never>'.
src/components/Message/Bubbles/index.tsx(273,8): error TS2769: No overload matches this call.
  Overload 1 of 2, '(props: PolymorphicComponentProps<"web", FastOmit<FastOmit<Substitute<Omit<FastOmit<DetailedHTMLProps<HTMLAttributes<HTMLSpanElement>, HTMLSpanElement>, "color" | ... 3 more ... | "isSent"> & { ...; }, "ref"> & { ...; }, Omit<...> & { ...; }>, never>, never>, void, void, {}, {}>): Element', gave the following error.
    Property 'size' is missing in type '{ children: Element; }' but required in type 'FastOmit<Substitute<FastOmit<FastOmit<Substitute<Omit<FastOmit<DetailedHTMLProps<HTMLAttributes<HTMLSpanElement>, HTMLSpanElement>, "color" | "size" | "weight" | "textType" | "isSent"> & { ...; }, "ref"> & { ...; }, Omit<...> & { ...; }>, never>, never>, FastOmit<...>>, keyof ExecutionProps>'.
  Overload 2 of 2, '(props: FastOmit<FastOmit<Substitute<Omit<FastOmit<DetailedHTMLProps<HTMLAttributes<HTMLSpanElement>, HTMLSpanElement>, "color" | "size" | "weight" | "textType" | "isSent"> & { ...; }, "ref"> & { ...; }, Omit<...> & { ...; }>, never>, never>): ReactNode', gave the following error.
    Property 'size' is missing in type '{ children: Element; }' but required in type 'FastOmit<FastOmit<Substitute<Omit<FastOmit<DetailedHTMLProps<HTMLAttributes<HTMLSpanElement>, HTMLSpanElement>, "color" | "size" | "weight" | "textType" | "isSent"> & { ...; }, "ref"> & { ...; }, Omit<...> & { ...; }>, never>, never>'.
src/components/Message/MessageElements.tsx(5,3): error TS2345: Argument of type '(props: {    isSent?: boolean;    color: string;}) => { isSent: boolean | undefined; color: string; }' is not assignable to parameter of type 'Attrs<FastOmit<FastOmit<Omit<FastOmit<DetailedHTMLProps<HTMLAttributes<HTMLDivElement>, HTMLDivElement>, never>, "ref"> & { ...; }, never>, never>>'.
  Type '(props: {    isSent?: boolean;    color: string;}) => { isSent: boolean | undefined; color: string; }' is not assignable to type '(props: ExecutionContext & FastOmit<FastOmit<Omit<FastOmit<DetailedHTMLProps<HTMLAttributes<HTMLDivElement>, HTMLDivElement>, never>, "ref"> & { ...; }, never>, never>) => ExecutionProps & Partial<...>'.
    Types of parameters 'props' and 'props' are incompatible.
      Type 'ExecutionContext & FastOmit<FastOmit<Omit<FastOmit<DetailedHTMLProps<HTMLAttributes<HTMLDivElement>, HTMLDivElement>, never>, "ref"> & { ...; }, never>, never>' is not assignable to type '{ isSent?: boolean | undefined; color: string; }'.
        Types of property 'color' are incompatible.
          Type 'string | undefined' is not assignable to type 'string'.
            Type 'undefined' is not assignable to type 'string'.
src/components/RoomForm/RoomFormElements.tsx(92,30): error TS6133: 'name' is declared but its value is never read.
src/components/RoomForm/RoomFormElements.tsx(147,17): error TS7006: Parameter 'el' implicitly has an 'any' type.
src/components/RoomForm/index.tsx(70,15): error TS6133: 'successMessage' is declared but its value is never read.
src/components/RoomForm/index.tsx(93,12): error TS2769: No overload matches this call.
  Overload 1 of 2, '(props: PolymorphicComponentProps<"web", FastOmit<FastOmit<Substitute<Omit<FastOmit<DetailedHTMLProps<HTMLAttributes<HTMLSpanElement>, HTMLSpanElement>, "color" | ... 3 more ... | "isSent"> & { ...; }, "ref"> & { ...; }, Omit<...> & { ...; }>, never>, never>, void, void, {}, {}>): Element', gave the following error.
    Property 'size' is missing in type '{ children: string; }' but required in type 'FastOmit<Substitute<FastOmit<FastOmit<Substitute<Omit<FastOmit<DetailedHTMLProps<HTMLAttributes<HTMLSpanElement>, HTMLSpanElement>, "color" | "size" | "weight" | "textType" | "isSent"> & { ...; }, "ref"> & { ...; }, Omit<...> & { ...; }>, never>, never>, FastOmit<...>>, keyof ExecutionProps>'.
  Overload 2 of 2, '(props: FastOmit<FastOmit<Substitute<Omit<FastOmit<DetailedHTMLProps<HTMLAttributes<HTMLSpanElement>, HTMLSpanElement>, "color" | "size" | "weight" | "textType" | "isSent"> & { ...; }, "ref"> & { ...; }, Omit<...> & { ...; }>, never>, never>): ReactNode', gave the following error.
    Property 'size' is missing in type '{ children: string; }' but required in type 'FastOmit<FastOmit<Substitute<Omit<FastOmit<DetailedHTMLProps<HTMLAttributes<HTMLSpanElement>, HTMLSpanElement>, "color" | "size" | "weight" | "textType" | "isSent"> & { ...; }, "ref"> & { ...; }, Omit<...> & { ...; }>, never>, never>'.
src/components/RoomForm/index.tsx(115,14): error TS2769: No overload matches this call.
  Overload 1 of 2, '(props: PolymorphicComponentProps<"web", FastOmit<FastOmit<Substitute<Omit<FastOmit<DetailedHTMLProps<HTMLAttributes<HTMLSpanElement>, HTMLSpanElement>, "color" | ... 3 more ... | "isSent"> & { ...; }, "ref"> & { ...; }, Omit<...> & { ...; }>, never>, never>, void, void, {}, {}>): Element', gave the following error.
    Property 'size' is missing in type '{ children: string; }' but required in type 'FastOmit<Substitute<FastOmit<FastOmit<Substitute<Omit<FastOmit<DetailedHTMLProps<HTMLAttributes<HTMLSpanElement>, HTMLSpanElement>, "color" | "size" | "weight" | "textType" | "isSent"> & { ...; }, "ref"> & { ...; }, Omit<...> & { ...; }>, never>, never>, FastOmit<...>>, keyof ExecutionProps>'.
  Overload 2 of 2, '(props: FastOmit<FastOmit<Substitute<Omit<FastOmit<DetailedHTMLProps<HTMLAttributes<HTMLSpanElement>, HTMLSpanElement>, "color" | "size" | "weight" | "textType" | "isSent"> & { ...; }, "ref"> & { ...; }, Omit<...> & { ...; }>, never>, never>): ReactNode', gave the following error.
    Property 'size' is missing in type '{ children: string; }' but required in type 'FastOmit<FastOmit<Substitute<Omit<FastOmit<DetailedHTMLProps<HTMLAttributes<HTMLSpanElement>, HTMLSpanElement>, "color" | "size" | "weight" | "textType" | "isSent"> & { ...; }, "ref"> & { ...; }, Omit<...> & { ...; }>, never>, never>'.
src/components/RoomForm/index.tsx(134,16): error TS2769: No overload matches this call.
  Overload 1 of 2, '(props: PolymorphicComponentProps<"web", FastOmit<FastOmit<Substitute<Omit<FastOmit<DetailedHTMLProps<HTMLAttributes<HTMLSpanElement>, HTMLSpanElement>, "color" | ... 3 more ... | "isSent"> & { ...; }, "ref"> & { ...; }, Omit<...> & { ...; }>, never>, never>, void, void, {}, {}>): Element', gave the following error.
    Property 'size' is missing in type '{ children: string; }' but required in type 'FastOmit<Substitute<FastOmit<FastOmit<Substitute<Omit<FastOmit<DetailedHTMLProps<HTMLAttributes<HTMLSpanElement>, HTMLSpanElement>, "color" | "size" | "weight" | "textType" | "isSent"> & { ...; }, "ref"> & { ...; }, Omit<...> & { ...; }>, never>, never>, FastOmit<...>>, keyof ExecutionProps>'.
  Overload 2 of 2, '(props: FastOmit<FastOmit<Substitute<Omit<FastOmit<DetailedHTMLProps<HTMLAttributes<HTMLSpanElement>, HTMLSpanElement>, "color" | "size" | "weight" | "textType" | "isSent"> & { ...; }, "ref"> & { ...; }, Omit<...> & { ...; }>, never>, never>): ReactNode', gave the following error.
    Property 'size' is missing in type '{ children: string; }' but required in type 'FastOmit<FastOmit<Substitute<Omit<FastOmit<DetailedHTMLProps<HTMLAttributes<HTMLSpanElement>, HTMLSpanElement>, "color" | "size" | "weight" | "textType" | "isSent"> & { ...; }, "ref"> & { ...; }, Omit<...> & { ...; }>, never>, never>'.
src/components/RoomForm/index.tsx(147,16): error TS2769: No overload matches this call.
  Overload 1 of 2, '(props: PolymorphicComponentProps<"web", FastOmit<FastOmit<Substitute<Omit<FastOmit<DetailedHTMLProps<HTMLAttributes<HTMLSpanElement>, HTMLSpanElement>, "color" | ... 3 more ... | "isSent"> & { ...; }, "ref"> & { ...; }, Omit<...> & { ...; }>, never>, never>, void, void, {}, {}>): Element', gave the following error.
    Property 'size' is missing in type '{ children: string; }' but required in type 'FastOmit<Substitute<FastOmit<FastOmit<Substitute<Omit<FastOmit<DetailedHTMLProps<HTMLAttributes<HTMLSpanElement>, HTMLSpanElement>, "color" | "size" | "weight" | "textType" | "isSent"> & { ...; }, "ref"> & { ...; }, Omit<...> & { ...; }>, never>, never>, FastOmit<...>>, keyof ExecutionProps>'.
  Overload 2 of 2, '(props: FastOmit<FastOmit<Substitute<Omit<FastOmit<DetailedHTMLProps<HTMLAttributes<HTMLSpanElement>, HTMLSpanElement>, "color" | "size" | "weight" | "textType" | "isSent"> & { ...; }, "ref"> & { ...; }, Omit<...> & { ...; }>, never>, never>): ReactNode', gave the following error.
    Property 'size' is missing in type '{ children: string; }' but required in type 'FastOmit<FastOmit<Substitute<Omit<FastOmit<DetailedHTMLProps<HTMLAttributes<HTMLSpanElement>, HTMLSpanElement>, "color" | "size" | "weight" | "textType" | "isSent"> & { ...; }, "ref"> & { ...; }, Omit<...> & { ...; }>, never>, never>'.
src/components/RoomForm/index.tsx(155,14): error TS2769: No overload matches this call.
  Overload 1 of 2, '(props: PolymorphicComponentProps<"web", FastOmit<FastOmit<Substitute<Omit<FastOmit<DetailedHTMLProps<HTMLAttributes<HTMLSpanElement>, HTMLSpanElement>, "color" | ... 3 more ... | "isSent"> & { ...; }, "ref"> & { ...; }, Omit<...> & { ...; }>, never>, never>, void, void, {}, {}>): Element', gave the following error.
    Property 'size' is missing in type '{ children: string; }' but required in type 'FastOmit<Substitute<FastOmit<FastOmit<Substitute<Omit<FastOmit<DetailedHTMLProps<HTMLAttributes<HTMLSpanElement>, HTMLSpanElement>, "color" | "size" | "weight" | "textType" | "isSent"> & { ...; }, "ref"> & { ...; }, Omit<...> & { ...; }>, never>, never>, FastOmit<...>>, keyof ExecutionProps>'.
  Overload 2 of 2, '(props: FastOmit<FastOmit<Substitute<Omit<FastOmit<DetailedHTMLProps<HTMLAttributes<HTMLSpanElement>, HTMLSpanElement>, "color" | "size" | "weight" | "textType" | "isSent"> & { ...; }, "ref"> & { ...; }, Omit<...> & { ...; }>, never>, never>): ReactNode', gave the following error.
    Property 'size' is missing in type '{ children: string; }' but required in type 'FastOmit<FastOmit<Substitute<Omit<FastOmit<DetailedHTMLProps<HTMLAttributes<HTMLSpanElement>, HTMLSpanElement>, "color" | "size" | "weight" | "textType" | "isSent"> & { ...; }, "ref"> & { ...; }, Omit<...> & { ...; }>, never>, never>'.
src/components/RoomForm/index.tsx(168,14): error TS2769: No overload matches this call.
  Overload 1 of 2, '(props: PolymorphicComponentProps<"web", FastOmit<FastOmit<Substitute<Omit<FastOmit<DetailedHTMLProps<HTMLAttributes<HTMLSpanElement>, HTMLSpanElement>, "color" | ... 3 more ... | "isSent"> & { ...; }, "ref"> & { ...; }, Omit<...> & { ...; }>, never>, never>, void, void, {}, {}>): Element', gave the following error.
    Property 'size' is missing in type '{ children: string; }' but required in type 'FastOmit<Substitute<FastOmit<FastOmit<Substitute<Omit<FastOmit<DetailedHTMLProps<HTMLAttributes<HTMLSpanElement>, HTMLSpanElement>, "color" | "size" | "weight" | "textType" | "isSent"> & { ...; }, "ref"> & { ...; }, Omit<...> & { ...; }>, never>, never>, FastOmit<...>>, keyof ExecutionProps>'.
  Overload 2 of 2, '(props: FastOmit<FastOmit<Substitute<Omit<FastOmit<DetailedHTMLProps<HTMLAttributes<HTMLSpanElement>, HTMLSpanElement>, "color" | "size" | "weight" | "textType" | "isSent"> & { ...; }, "ref"> & { ...; }, Omit<...> & { ...; }>, never>, never>): ReactNode', gave the following error.
    Property 'size' is missing in type '{ children: string; }' but required in type 'FastOmit<FastOmit<Substitute<Omit<FastOmit<DetailedHTMLProps<HTMLAttributes<HTMLSpanElement>, HTMLSpanElement>, "color" | "size" | "weight" | "textType" | "isSent"> & { ...; }, "ref"> & { ...; }, Omit<...> & { ...; }>, never>, never>'.
src/components/RoomForm/index.tsx(190,14): error TS2769: No overload matches this call.
  Overload 1 of 2, '(props: PolymorphicComponentProps<"web", FastOmit<FastOmit<Substitute<Omit<FastOmit<DetailedHTMLProps<HTMLAttributes<HTMLSpanElement>, HTMLSpanElement>, "color" | ... 3 more ... | "isSent"> & { ...; }, "ref"> & { ...; }, Omit<...> & { ...; }>, never>, never>, void, void, {}, {}>): Element', gave the following error.
    Property 'size' is missing in type '{ children: Element; }' but required in type 'FastOmit<Substitute<FastOmit<FastOmit<Substitute<Omit<FastOmit<DetailedHTMLProps<HTMLAttributes<HTMLSpanElement>, HTMLSpanElement>, "color" | "size" | "weight" | "textType" | "isSent"> & { ...; }, "ref"> & { ...; }, Omit<...> & { ...; }>, never>, never>, FastOmit<...>>, keyof ExecutionProps>'.
  Overload 2 of 2, '(props: FastOmit<FastOmit<Substitute<Omit<FastOmit<DetailedHTMLProps<HTMLAttributes<HTMLSpanElement>, HTMLSpanElement>, "color" | "size" | "weight" | "textType" | "isSent"> & { ...; }, "ref"> & { ...; }, Omit<...> & { ...; }>, never>, never>): ReactNode', gave the following error.
    Property 'size' is missing in type '{ children: Element; }' but required in type 'FastOmit<FastOmit<Substitute<Omit<FastOmit<DetailedHTMLProps<HTMLAttributes<HTMLSpanElement>, HTMLSpanElement>, "color" | "size" | "weight" | "textType" | "isSent"> & { ...; }, "ref"> & { ...; }, Omit<...> & { ...; }>, never>, never>'.
src/components/RoomForm/index.tsx(191,16): error TS2769: No overload matches this call.
  Overload 1 of 2, '(props: PolymorphicComponentProps<"web", FastOmit<FastOmit<Substitute<Omit<FastOmit<DetailedHTMLProps<HTMLAttributes<HTMLSpanElement>, HTMLSpanElement>, "color" | ... 3 more ... | "isSent"> & { ...; }, "ref"> & { ...; }, Omit<...> & { ...; }>, never>, never>, void, void, {}, {}>): Element', gave the following error.
    Property 'size' is missing in type '{ children: string; }' but required in type 'FastOmit<Substitute<FastOmit<FastOmit<Substitute<Omit<FastOmit<DetailedHTMLProps<HTMLAttributes<HTMLSpanElement>, HTMLSpanElement>, "color" | "size" | "weight" | "textType" | "isSent"> & { ...; }, "ref"> & { ...; }, Omit<...> & { ...; }>, never>, never>, FastOmit<...>>, keyof ExecutionProps>'.
  Overload 2 of 2, '(props: FastOmit<FastOmit<Substitute<Omit<FastOmit<DetailedHTMLProps<HTMLAttributes<HTMLSpanElement>, HTMLSpanElement>, "color" | "size" | "weight" | "textType" | "isSent"> & { ...; }, "ref"> & { ...; }, Omit<...> & { ...; }>, never>, never>): ReactNode', gave the following error.
    Property 'size' is missing in type '{ children: string; }' but required in type 'FastOmit<FastOmit<Substitute<Omit<FastOmit<DetailedHTMLProps<HTMLAttributes<HTMLSpanElement>, HTMLSpanElement>, "color" | "size" | "weight" | "textType" | "isSent"> & { ...; }, "ref"> & { ...; }, Omit<...> & { ...; }>, never>, never>'.
src/components/RoomForm/index.tsx(206,10): error TS2769: No overload matches this call.
  Overload 1 of 2, '(props: PolymorphicComponentProps<"web", FastOmit<FastOmit<Substitute<Omit<FastOmit<DetailedHTMLProps<HTMLAttributes<HTMLSpanElement>, HTMLSpanElement>, "color" | ... 3 more ... | "isSent"> & { ...; }, "ref"> & { ...; }, Omit<...> & { ...; }>, never>, never>, void, void, {}, {}>): Element', gave the following error.
    Property 'size' is missing in type '{ children: string; textType: "success"; }' but required in type 'FastOmit<Substitute<FastOmit<FastOmit<Substitute<Omit<FastOmit<DetailedHTMLProps<HTMLAttributes<HTMLSpanElement>, HTMLSpanElement>, "color" | "size" | "weight" | "textType" | "isSent"> & { ...; }, "ref"> & { ...; }, Omit<...> & { ...; }>, never>, never>, FastOmit<...>>, keyof ExecutionProps>'.
  Overload 2 of 2, '(props: FastOmit<FastOmit<Substitute<Omit<FastOmit<DetailedHTMLProps<HTMLAttributes<HTMLSpanElement>, HTMLSpanElement>, "color" | "size" | "weight" | "textType" | "isSent"> & { ...; }, "ref"> & { ...; }, Omit<...> & { ...; }>, never>, never>): ReactNode', gave the following error.
    Property 'size' is missing in type '{ children: string; textType: "success"; }' but required in type 'FastOmit<FastOmit<Substitute<Omit<FastOmit<DetailedHTMLProps<HTMLAttributes<HTMLSpanElement>, HTMLSpanElement>, "color" | "size" | "weight" | "textType" | "isSent"> & { ...; }, "ref"> & { ...; }, Omit<...> & { ...; }>, never>, never>'.
src/components/SystemMessage/index.tsx(45,8): error TS2769: No overload matches this call.
  Overload 1 of 2, '(props: PolymorphicComponentProps<"web", FastOmit<FastOmit<Substitute<Omit<FastOmit<DetailedHTMLProps<HTMLAttributes<HTMLSpanElement>, HTMLSpanElement>, "color" | ... 3 more ... | "isSent"> & { ...; }, "ref"> & { ...; }, Omit<...> & { ...; }>, never>, never>, void, void, {}, {}>): Element', gave the following error.
    Property 'size' is missing in type '{ children: any; }' but required in type 'FastOmit<Substitute<FastOmit<FastOmit<Substitute<Omit<FastOmit<DetailedHTMLProps<HTMLAttributes<HTMLSpanElement>, HTMLSpanElement>, "color" | "size" | "weight" | "textType" | "isSent"> & { ...; }, "ref"> & { ...; }, Omit<...> & { ...; }>, never>, never>, FastOmit<...>>, keyof ExecutionProps>'.
  Overload 2 of 2, '(props: FastOmit<FastOmit<Substitute<Omit<FastOmit<DetailedHTMLProps<HTMLAttributes<HTMLSpanElement>, HTMLSpanElement>, "color" | "size" | "weight" | "textType" | "isSent"> & { ...; }, "ref"> & { ...; }, Omit<...> & { ...; }>, never>, never>): ReactNode', gave the following error.
    Property 'size' is missing in type '{ children: any; }' but required in type 'FastOmit<FastOmit<Substitute<Omit<FastOmit<DetailedHTMLProps<HTMLAttributes<HTMLSpanElement>, HTMLSpanElement>, "color" | "size" | "weight" | "textType" | "isSent"> & { ...; }, "ref"> & { ...; }, Omit<...> & { ...; }>, never>, never>'.
src/components/UI/Background/index.tsx(2,23): error TS6133: 'keyframes' is declared but its value is never read.
src/components/UI/Background/index.tsx(3,1): error TS6133: 'Skin' is declared but its value is never read.
src/components/UI/Background/index.tsx(5,7): error TS6133: 'getBackgroundStyle' is declared but its value is never read.
src/components/UI/Card/index.tsx(61,10): error TS2769: No overload matches this call.
  Overload 1 of 2, '(props: PolymorphicComponentProps<"web", FastOmit<FastOmit<Substitute<Omit<FastOmit<DetailedHTMLProps<HTMLAttributes<HTMLSpanElement>, HTMLSpanElement>, "color" | ... 3 more ... | "isSent"> & { ...; }, "ref"> & { ...; }, Omit<...> & { ...; }>, never>, never>, void, void, {}, {}>): Element', gave the following error.
    Property 'size' is missing in type '{ children: string | undefined; weight: "bolder"; }' but required in type 'FastOmit<Substitute<FastOmit<FastOmit<Substitute<Omit<FastOmit<DetailedHTMLProps<HTMLAttributes<HTMLSpanElement>, HTMLSpanElement>, "color" | "size" | "weight" | "textType" | "isSent"> & { ...; }, "ref"> & { ...; }, Omit<...> & { ...; }>, never>, never>, FastOmit<...>>, keyof ExecutionProps>'.
  Overload 2 of 2, '(props: FastOmit<FastOmit<Substitute<Omit<FastOmit<DetailedHTMLProps<HTMLAttributes<HTMLSpanElement>, HTMLSpanElement>, "color" | "size" | "weight" | "textType" | "isSent"> & { ...; }, "ref"> & { ...; }, Omit<...> & { ...; }>, never>, never>): ReactNode', gave the following error.
    Property 'size' is missing in type '{ children: string | undefined; weight: "bolder"; }' but required in type 'FastOmit<FastOmit<Substitute<Omit<FastOmit<DetailedHTMLProps<HTMLAttributes<HTMLSpanElement>, HTMLSpanElement>, "color" | "size" | "weight" | "textType" | "isSent"> & { ...; }, "ref"> & { ...; }, Omit<...> & { ...; }>, never>, never>'.
src/components/UI/Card/index.tsx(67,12): error TS2769: No overload matches this call.
  Overload 1 of 2, '(props: PolymorphicComponentProps<"web", FastOmit<FastOmit<Substitute<Omit<FastOmit<DetailedHTMLProps<HTMLAttributes<HTMLSpanElement>, HTMLSpanElement>, "color" | ... 3 more ... | "isSent"> & { ...; }, "ref"> & { ...; }, Omit<...> & { ...; }>, never>, never>, void, void, {}, {}>): Element', gave the following error.
    Property 'size' is missing in type '{ children: string | undefined; }' but required in type 'FastOmit<Substitute<FastOmit<FastOmit<Substitute<Omit<FastOmit<DetailedHTMLProps<HTMLAttributes<HTMLSpanElement>, HTMLSpanElement>, "color" | "size" | "weight" | "textType" | "isSent"> & { ...; }, "ref"> & { ...; }, Omit<...> & { ...; }>, never>, never>, FastOmit<...>>, keyof ExecutionProps>'.
  Overload 2 of 2, '(props: FastOmit<FastOmit<Substitute<Omit<FastOmit<DetailedHTMLProps<HTMLAttributes<HTMLSpanElement>, HTMLSpanElement>, "color" | "size" | "weight" | "textType" | "isSent"> & { ...; }, "ref"> & { ...; }, Omit<...> & { ...; }>, never>, never>): ReactNode', gave the following error.
    Property 'size' is missing in type '{ children: string | undefined; }' but required in type 'FastOmit<FastOmit<Substitute<Omit<FastOmit<DetailedHTMLProps<HTMLAttributes<HTMLSpanElement>, HTMLSpanElement>, "color" | "size" | "weight" | "textType" | "isSent"> & { ...; }, "ref"> & { ...; }, Omit<...> & { ...; }>, never>, never>'.
src/components/UI/Card/index.tsx(76,14): error TS2769: No overload matches this call.
  Overload 1 of 2, '(props: PolymorphicComponentProps<"web", FastOmit<FastOmit<Substitute<Omit<FastOmit<DetailedHTMLProps<HTMLAttributes<HTMLSpanElement>, HTMLSpanElement>, "color" | ... 3 more ... | "isSent"> & { ...; }, "ref"> & { ...; }, Omit<...> & { ...; }>, never>, never>, void, void, {}, {}>): Element', gave the following error.
    Property 'size' is missing in type '{ children: string; }' but required in type 'FastOmit<Substitute<FastOmit<FastOmit<Substitute<Omit<FastOmit<DetailedHTMLProps<HTMLAttributes<HTMLSpanElement>, HTMLSpanElement>, "color" | "size" | "weight" | "textType" | "isSent"> & { ...; }, "ref"> & { ...; }, Omit<...> & { ...; }>, never>, never>, FastOmit<...>>, keyof ExecutionProps>'.
  Overload 2 of 2, '(props: FastOmit<FastOmit<Substitute<Omit<FastOmit<DetailedHTMLProps<HTMLAttributes<HTMLSpanElement>, HTMLSpanElement>, "color" | "size" | "weight" | "textType" | "isSent"> & { ...; }, "ref"> & { ...; }, Omit<...> & { ...; }>, never>, never>): ReactNode', gave the following error.
    Property 'size' is missing in type '{ children: string; }' but required in type 'FastOmit<FastOmit<Substitute<Omit<FastOmit<DetailedHTMLProps<HTMLAttributes<HTMLSpanElement>, HTMLSpanElement>, "color" | "size" | "weight" | "textType" | "isSent"> & { ...; }, "ref"> & { ...; }, Omit<...> & { ...; }>, never>, never>'.
src/components/UI/CodeCard/index.tsx(55,12): error TS2769: No overload matches this call.
  Overload 1 of 2, '(props: PolymorphicComponentProps<"web", FastOmit<FastOmit<Substitute<Omit<FastOmit<DetailedHTMLProps<HTMLAttributes<HTMLSpanElement>, HTMLSpanElement>, "color" | ... 3 more ... | "isSent"> & { ...; }, "ref"> & { ...; }, Omit<...> & { ...; }>, never>, never>, void, void, {}, {}>): Element', gave the following error.
    Property 'size' is missing in type '{ children: string; weight: "bold"; }' but required in type 'FastOmit<Substitute<FastOmit<FastOmit<Substitute<Omit<FastOmit<DetailedHTMLProps<HTMLAttributes<HTMLSpanElement>, HTMLSpanElement>, "color" | "size" | "weight" | "textType" | "isSent"> & { ...; }, "ref"> & { ...; }, Omit<...> & { ...; }>, never>, never>, FastOmit<...>>, keyof ExecutionProps>'.
  Overload 2 of 2, '(props: FastOmit<FastOmit<Substitute<Omit<FastOmit<DetailedHTMLProps<HTMLAttributes<HTMLSpanElement>, HTMLSpanElement>, "color" | "size" | "weight" | "textType" | "isSent"> & { ...; }, "ref"> & { ...; }, Omit<...> & { ...; }>, never>, never>): ReactNode', gave the following error.
    Property 'size' is missing in type '{ children: string; weight: "bold"; }' but required in type 'FastOmit<FastOmit<Substitute<Omit<FastOmit<DetailedHTMLProps<HTMLAttributes<HTMLSpanElement>, HTMLSpanElement>, "color" | "size" | "weight" | "textType" | "isSent"> & { ...; }, "ref"> & { ...; }, Omit<...> & { ...; }>, never>, never>'.
src/components/UI/Motion/index.tsx(1,54): error TS2307: Cannot find module 'framer-motion' or its corresponding type declarations.
src/components/UI/STabs/index.tsx(4,41): error TS2345: Argument of type '(props: {    tabIndex?: string;}) => { tabIndex: string | undefined; }' is not assignable to parameter of type 'Attrs<FastOmit<TabsProps, never>>'.
  Type '(props: {    tabIndex?: string;}) => { tabIndex: string | undefined; }' is not assignable to type '(props: ExecutionContext & FastOmit<TabsProps, never>) => ExecutionProps & Partial<FastOmit<TabsProps, never>>'.
    Types of parameters 'props' and 'props' are incompatible.
      Type 'ExecutionContext & FastOmit<TabsProps, never>' is not assignable to type '{ tabIndex?: string | undefined; }'.
        Types of property 'tabIndex' are incompatible.
          Type 'number | undefined' is not assignable to type 'string | undefined'.
            Type 'number' is not assignable to type 'string'.
src/components/UI/STabs/index.tsx(10,49): error TS2345: Argument of type '{ tabsrole: string; }' is not assignable to parameter of type 'Attrs<FastOmit<Omit<TabListProps, "ref"> & { ref?: ((instance: HTMLUListElement | null) => void) | RefObject<HTMLUListElement> | null | undefined; }, never>>'.
  Object literal may only specify known properties, and 'tabsrole' does not exist in type 'Attrs<FastOmit<Omit<TabListProps, "ref"> & { ref?: ((instance: HTMLUListElement | null) => void) | RefObject<HTMLUListElement> | null | undefined; }, never>>'.
src/components/UI/STabs/index.tsx(22,41): error TS2345: Argument of type '{ tabsrole: string; }' is not assignable to parameter of type 'Attrs<FastOmit<Omit<TabProps, "ref"> & { ref?: ((instance: HTMLLIElement | null) => void) | RefObject<HTMLLIElement> | null | undefined; }, never>>'.
  Object literal may only specify known properties, and 'tabsrole' does not exist in type 'Attrs<FastOmit<Omit<TabProps, "ref"> & { ref?: ((instance: HTMLLIElement | null) => void) | RefObject<HTMLLIElement> | null | undefined; }, never>>'.
src/components/UI/STabs/index.tsx(40,51): error TS2345: Argument of type '{ tabsrole: string; }' is not assignable to parameter of type 'Attrs<FastOmit<Omit<TabPanelProps, "ref"> & { ref?: ((instance: HTMLDivElement | null) => void) | RefObject<HTMLDivElement> | null | undefined; }, never>>'.
  Object literal may only specify known properties, and 'tabsrole' does not exist in type 'Attrs<FastOmit<Omit<TabPanelProps, "ref"> & { ref?: ((instance: HTMLDivElement | null) => void) | RefObject<HTMLDivElement> | null | undefined; }, never>>'.
src/components/UI/Toggle/index.tsx(32,8): error TS2769: No overload matches this call.
  Overload 1 of 2, '(props: PolymorphicComponentProps<"web", FastOmit<FastOmit<Substitute<Omit<FastOmit<DetailedHTMLProps<HTMLAttributes<HTMLSpanElement>, HTMLSpanElement>, "color" | ... 3 more ... | "isSent"> & { ...; }, "ref"> & { ...; }, Omit<...> & { ...; }>, never>, never>, void, void, {}, {}>): Element', gave the following error.
    Property 'size' is missing in type '{ children: string; weight: "bold"; }' but required in type 'FastOmit<Substitute<FastOmit<FastOmit<Substitute<Omit<FastOmit<DetailedHTMLProps<HTMLAttributes<HTMLSpanElement>, HTMLSpanElement>, "color" | "size" | "weight" | "textType" | "isSent"> & { ...; }, "ref"> & { ...; }, Omit<...> & { ...; }>, never>, never>, FastOmit<...>>, keyof ExecutionProps>'.
  Overload 2 of 2, '(props: FastOmit<FastOmit<Substitute<Omit<FastOmit<DetailedHTMLProps<HTMLAttributes<HTMLSpanElement>, HTMLSpanElement>, "color" | "size" | "weight" | "textType" | "isSent"> & { ...; }, "ref"> & { ...; }, Omit<...> & { ...; }>, never>, never>): ReactNode', gave the following error.
    Property 'size' is missing in type '{ children: string; weight: "bold"; }' but required in type 'FastOmit<FastOmit<Substitute<Omit<FastOmit<DetailedHTMLProps<HTMLAttributes<HTMLSpanElement>, HTMLSpanElement>, "color" | "size" | "weight" | "textType" | "isSent"> & { ...; }, "ref"> & { ...; }, Omit<...> & { ...; }>, never>, never>'.
src/components/UI/Tooltip/index.tsx(1,1): error TS6133: 'Children' is declared but its value is never read.
src/components/UI/Tooltip/index.tsx(44,8): error TS2769: No overload matches this call.
  Overload 1 of 2, '(props: PolymorphicComponentProps<"web", FastOmit<FastOmit<Substitute<Omit<FastOmit<DetailedHTMLProps<HTMLAttributes<HTMLSpanElement>, HTMLSpanElement>, "color" | ... 3 more ... | "isSent"> & { ...; }, "ref"> & { ...; }, Omit<...> & { ...; }>, never>, never>, void, void, {}, {}>): Element', gave the following error.
    Property 'size' is missing in type '{ children: any; }' but required in type 'FastOmit<Substitute<FastOmit<FastOmit<Substitute<Omit<FastOmit<DetailedHTMLProps<HTMLAttributes<HTMLSpanElement>, HTMLSpanElement>, "color" | "size" | "weight" | "textType" | "isSent"> & { ...; }, "ref"> & { ...; }, Omit<...> & { ...; }>, never>, never>, FastOmit<...>>, keyof ExecutionProps>'.
  Overload 2 of 2, '(props: FastOmit<FastOmit<Substitute<Omit<FastOmit<DetailedHTMLProps<HTMLAttributes<HTMLSpanElement>, HTMLSpanElement>, "color" | "size" | "weight" | "textType" | "isSent"> & { ...; }, "ref"> & { ...; }, Omit<...> & { ...; }>, never>, never>): ReactNode', gave the following error.
    Property 'size' is missing in type '{ children: any; }' but required in type 'FastOmit<FastOmit<Substitute<Omit<FastOmit<DetailedHTMLProps<HTMLAttributes<HTMLSpanElement>, HTMLSpanElement>, "color" | "size" | "weight" | "textType" | "isSent"> & { ...; }, "ref"> & { ...; }, Omit<...> & { ...; }>, never>, never>'.
src/components/UserArea/AuidoRecorder/AudiRecorderElements.tsx(28,20): error TS18048: 'themeContext' is possibly 'undefined'.
src/components/UserArea/AuidoRecorder/AudiRecorderElements.tsx(29,24): error TS18048: 'themeContext' is possibly 'undefined'.
src/components/UserArea/AuidoRecorder/index.tsx(27,19): error TS6133: 'recordedBlob' is declared but its value is never read.
src/components/UserArea/EmojiButton/index.tsx(13,47): error TS6133: 'event' is declared but its value is never read.
src/components/UserArea/MediaUploader/index.tsx(11,3): error TS6133: 'CancelButton' is declared but its value is never read.
src/components/UserArea/MediaUploader/index.tsx(84,18): error TS2769: No overload matches this call.
  Overload 1 of 2, '(props: PolymorphicComponentProps<"web", FastOmit<FastOmit<Substitute<Omit<FastOmit<DetailedHTMLProps<HTMLAttributes<HTMLSpanElement>, HTMLSpanElement>, "color" | ... 3 more ... | "isSent"> & { ...; }, "ref"> & { ...; }, Omit<...> & { ...; }>, never>, never>, void, void, {}, {}>): Element', gave the following error.
    Property 'size' is missing in type '{ children: string; }' but required in type 'FastOmit<Substitute<FastOmit<FastOmit<Substitute<Omit<FastOmit<DetailedHTMLProps<HTMLAttributes<HTMLSpanElement>, HTMLSpanElement>, "color" | "size" | "weight" | "textType" | "isSent"> & { ...; }, "ref"> & { ...; }, Omit<...> & { ...; }>, never>, never>, FastOmit<...>>, keyof ExecutionProps>'.
  Overload 2 of 2, '(props: FastOmit<FastOmit<Substitute<Omit<FastOmit<DetailedHTMLProps<HTMLAttributes<HTMLSpanElement>, HTMLSpanElement>, "color" | "size" | "weight" | "textType" | "isSent"> & { ...; }, "ref"> & { ...; }, Omit<...> & { ...; }>, never>, never>): ReactNode', gave the following error.
    Property 'size' is missing in type '{ children: string; }' but required in type 'FastOmit<FastOmit<Substitute<Omit<FastOmit<DetailedHTMLProps<HTMLAttributes<HTMLSpanElement>, HTMLSpanElement>, "color" | "size" | "weight" | "textType" | "isSent"> & { ...; }, "ref"> & { ...; }, Omit<...> & { ...; }>, never>, never>'.
src/components/UserArea/MediaUploader/index.tsx(112,30): error TS7006: Parameter 'event' implicitly has an 'any' type.
src/components/UserArea/index.tsx(1,26): error TS6133: 'useEffect' is declared but its value is never read.
src/containers/AppHelmet/index.tsx(1,1): error TS6133: 'React' is declared but its value is never read.
src/containers/AppHelmet/index.tsx(2,24): error TS7016: Could not find a declaration file for module 'react-helmet'. '/home/ignacio/Documents/programmingProjects/sktio-2/client/node_modules/react-helmet/lib/Helmet.js' implicitly has an 'any' type.
  Try `npm i --save-dev @types/react-helmet` if it exists or add a new declaration (.d.ts) file containing `declare module 'react-helmet';`
src/containers/WebSocketManager/helper/index.tsx(11,3): error TS6133: 'SHOULD_FETCH_PUBLIC_ROOMS' is declared but its value is never read.
